#-----------------------------------------------------------
# Vivado v2018.3 (64-bit)
# SW Build 2405991 on Thu Dec  6 23:38:27 MST 2018
# IP Build 2404404 on Fri Dec  7 01:43:56 MST 2018
# Start of session at: Thu Jul  9 17:32:21 2020
# Process ID: 19568
# Current directory: C:/Users/69009/Desktop/3/ve370/project/project_2
# Command line: vivado.exe -gui_launcher_event rodinguilauncherevent10572 C:\Users\69009\Desktop\3\ve370\project\project_2\project_2.xpr
# Log file: C:/Users/69009/Desktop/3/ve370/project/project_2/vivado.log
# Journal file: C:/Users/69009/Desktop/3/ve370/project/project_2\vivado.jou
#-----------------------------------------------------------
start_gui
open_project C:/Users/69009/Desktop/3/ve370/project/project_2/project_2.xpr
INFO: [Project 1-313] Project file moved from 'C:/Users/69009/Desktop/3/ve370/project/2/project_2' since last save.
Scanning sources...
Finished scanning sources
INFO: [IP_Flow 19-234] Refreshing IP repositories
INFO: [IP_Flow 19-1704] No user IP repositories specified
INFO: [IP_Flow 19-2313] Loaded Vivado IP repository 'D:/SJTU/XILINX/Vivado/2018.3/data/ip'.
open_project: Time (s): cpu = 00:00:19 ; elapsed = 00:00:08 . Memory (MB): peak = 716.230 ; gain = 105.594
update_compile_order -fileset sources_1
launch_simulation
INFO: [Vivado 12-5682] Launching behavioral simulation in 'C:/Users/69009/Desktop/3/ve370/project/project_2/project_2.sim/sim_1/behav/xsim'
INFO: [SIM-utils-51] Simulation object is 'sim_1'
INFO: [SIM-utils-54] Inspecting design source files for 'pipe_test' in fileset 'sim_1'...
INFO: [USF-XSim-97] Finding global include files...
INFO: [USF-XSim-98] Fetching design files from 'sim_1'...
INFO: [USF-XSim-2] XSim::Compile design
INFO: [USF-XSim-61] Executing 'COMPILE and ANALYZE' step in 'C:/Users/69009/Desktop/3/ve370/project/project_2/project_2.sim/sim_1/behav/xsim'
"xvlog --incr --relax -prj pipe_test_vlog.prj"
INFO: [VRFC 10-2263] Analyzing Verilog file "C:/Users/69009/Desktop/3/ve370/project/project_2/project_2.srcs/sources_1/new/ALU.v" into library xil_defaultlib
INFO: [VRFC 10-311] analyzing module ALU
INFO: [VRFC 10-2263] Analyzing Verilog file "C:/Users/69009/Desktop/3/ve370/project/project_2/project_2.srcs/sources_1/new/ALUcontrol.v" into library xil_defaultlib
INFO: [VRFC 10-311] analyzing module ALUcontrol
INFO: [VRFC 10-2263] Analyzing Verilog file "C:/Users/69009/Desktop/3/ve370/project/project_2/project_2.srcs/sources_1/new/Control.v" into library xil_defaultlib
INFO: [VRFC 10-311] analyzing module Control
INFO: [VRFC 10-2263] Analyzing Verilog file "C:/Users/69009/Desktop/3/ve370/project/project_2/project_2.srcs/sources_1/new/DataMem.v" into library xil_defaultlib
INFO: [VRFC 10-311] analyzing module DataMem
INFO: [VRFC 10-2263] Analyzing Verilog file "C:/Users/69009/Desktop/3/ve370/project/project_2/project_2.srcs/sources_1/new/Detection.v" into library xil_defaultlib
INFO: [VRFC 10-311] analyzing module Detection
INFO: [VRFC 10-2263] Analyzing Verilog file "C:/Users/69009/Desktop/3/ve370/project/project_2/project_2.srcs/sources_1/new/EXMEM.v" into library xil_defaultlib
INFO: [VRFC 10-311] analyzing module EXMEM
INFO: [VRFC 10-2263] Analyzing Verilog file "C:/Users/69009/Desktop/3/ve370/project/project_2/project_2.srcs/sources_1/new/IDEX.v" into library xil_defaultlib
INFO: [VRFC 10-311] analyzing module IDEX
INFO: [VRFC 10-2263] Analyzing Verilog file "C:/Users/69009/Desktop/3/ve370/project/project_2/project_2.srcs/sources_1/new/IFID.v" into library xil_defaultlib
INFO: [VRFC 10-311] analyzing module IFID
INFO: [VRFC 10-2263] Analyzing Verilog file "C:/Users/69009/Desktop/3/ve370/project/project_2/project_2.srcs/sources_1/new/IM.v" into library xil_defaultlib
INFO: [VRFC 10-311] analyzing module IM
INFO: [VRFC 10-2263] Analyzing Verilog file "C:/Users/69009/Desktop/3/ve370/project/project_2/project_2.srcs/sources_1/new/MEMWB.v" into library xil_defaultlib
INFO: [VRFC 10-311] analyzing module MEMWB
INFO: [VRFC 10-2263] Analyzing Verilog file "C:/Users/69009/Desktop/3/ve370/project/project_2/project_2.srcs/sources_1/new/PC.v" into library xil_defaultlib
INFO: [VRFC 10-311] analyzing module PC
INFO: [VRFC 10-2263] Analyzing Verilog file "C:/Users/69009/Desktop/3/ve370/project/project_2/project_2.srcs/sources_1/new/Register.v" into library xil_defaultlib
INFO: [VRFC 10-311] analyzing module Register
INFO: [VRFC 10-2263] Analyzing Verilog file "C:/Users/69009/Desktop/3/ve370/project/project_2/project_2.srcs/sources_1/new/SignExtend.v" into library xil_defaultlib
INFO: [VRFC 10-311] analyzing module SignExtend
INFO: [VRFC 10-2263] Analyzing Verilog file "C:/Users/69009/Desktop/3/ve370/project/project_2/project_2.srcs/sources_1/new/forwarding.v" into library xil_defaultlib
INFO: [VRFC 10-311] analyzing module forwarding
INFO: [VRFC 10-2263] Analyzing Verilog file "C:/Users/69009/Desktop/3/ve370/project/project_2/project_2.srcs/sources_1/new/pipeline.v" into library xil_defaultlib
INFO: [VRFC 10-311] analyzing module pipeline
INFO: [VRFC 10-2263] Analyzing Verilog file "C:/Users/69009/Desktop/3/ve370/project/project_2/project_2.srcs/sim_1/new/pipe_test.v" into library xil_defaultlib
INFO: [VRFC 10-311] analyzing module pipe_test
INFO: [VRFC 10-2263] Analyzing Verilog file "C:/Users/69009/Desktop/3/ve370/project/project_2/project_2.sim/sim_1/behav/xsim/glbl.v" into library xil_defaultlib
INFO: [VRFC 10-311] analyzing module glbl
INFO: [USF-XSim-69] 'compile' step finished in '3' seconds
INFO: [USF-XSim-3] XSim::Elaborate design
INFO: [USF-XSim-61] Executing 'ELABORATE' step in 'C:/Users/69009/Desktop/3/ve370/project/project_2/project_2.sim/sim_1/behav/xsim'
Vivado Simulator 2018.3
Copyright 1986-1999, 2001-2018 Xilinx, Inc. All Rights Reserved.
Running: D:/SJTU/XILINX/Vivado/2018.3/bin/unwrapped/win64.o/xelab.exe -wto 3d2bff49e9414acd83af926e3f027929 --incr --debug typical --relax --mt 2 -L xil_defaultlib -L unisims_ver -L unimacro_ver -L secureip --snapshot pipe_test_behav xil_defaultlib.pipe_test xil_defaultlib.glbl -log elaborate.log 
Using 2 slave threads.
Starting static elaboration
Completed static elaboration
Starting simulation data flow analysis
Completed simulation data flow analysis
Time Resolution for simulation is 1ps
Compiling module xil_defaultlib.PC
Compiling module xil_defaultlib.IM
Compiling module xil_defaultlib.IFID
Compiling module xil_defaultlib.Control
Compiling module xil_defaultlib.Register
Compiling module xil_defaultlib.SignExtend
Compiling module xil_defaultlib.IDEX
Compiling module xil_defaultlib.ALUcontrol
Compiling module xil_defaultlib.ALU
Compiling module xil_defaultlib.EXMEM
Compiling module xil_defaultlib.DataMem
Compiling module xil_defaultlib.MEMWB
Compiling module xil_defaultlib.Detection
Compiling module xil_defaultlib.forwarding
Compiling module xil_defaultlib.pipeline
Compiling module xil_defaultlib.pipe_test
Compiling module xil_defaultlib.glbl
Built simulation snapshot pipe_test_behav
run_program: Time (s): cpu = 00:00:00 ; elapsed = 00:00:06 . Memory (MB): peak = 723.984 ; gain = 0.000
INFO: [USF-XSim-69] 'elaborate' step finished in '6' seconds
INFO: [USF-XSim-4] XSim::Simulate design
INFO: [USF-XSim-61] Executing 'SIMULATE' step in 'C:/Users/69009/Desktop/3/ve370/project/project_2/project_2.sim/sim_1/behav/xsim'
INFO: [USF-XSim-98] *** Running xsim
   with args "pipe_test_behav -key {Behavioral:sim_1:Functional:pipe_test} -tclbatch {pipe_test.tcl} -log {simulate.log}"
INFO: [USF-XSim-8] Loading simulator feature
Vivado Simulator 2018.3
Time resolution is 1 ps
source pipe_test.tcl
# set curr_wave [current_wave_config]
# if { [string length $curr_wave] == 0 } {
#   if { [llength [get_objects]] > 0} {
#     add_wave /
#     set_property needs_save false [current_wave_config]
#   } else {
#      send_msg_id Add_Wave-1 WARNING "No top level signals found. Simulator will start without a wave window. If you want to open a wave window go to 'File->New Waveform Configuration' or type 'create_wave_config' in the TCL console."
#   }
# }
# run 1000ns
========================
Time:           0, CLK = 1, PC =          0
[$s0] = 00000000, [$s1] = 00000000, [$s2] = 00000000
[$s3] = 00000000, [$s4] = 00000000, [$s5] = 00000000
[$s6] = 00000000, [$s7] = 00000000, [$t0] = 00000000
[$t1] = 00000000, [$t2] = 00000000, [$t3] = 00000000
[$t4] = 00000000, [$t5] = 00000000, [$t6] = 00000000
[$t7] = 00000000, [$t8] = 00000000, [$t9] = 00000000
Time:           0, CLK = 0, PC =          0
[$s0] = 00000000, [$s1] = 00000000, [$s2] = 00000000
[$s3] = 00000000, [$s4] = 00000000, [$s5] = 00000000
[$s6] = 00000000, [$s7] = 00000000, [$t0] = 00000000
[$t1] = 00000000, [$t2] = 00000000, [$t3] = 00000000
[$t4] = 00000000, [$t5] = 00000000, [$t6] = 00000000
[$t7] = 00000000, [$t8] = 00000000, [$t9] = 00000000
Time:           1, CLK = 1, PC =          4
[$s0] = 00000000, [$s1] = 00000000, [$s2] = 00000000
[$s3] = 00000000, [$s4] = 00000000, [$s5] = 00000000
[$s6] = 00000000, [$s7] = 00000000, [$t0] = 00000000
[$t1] = 00000000, [$t2] = 00000000, [$t3] = 00000000
[$t4] = 00000000, [$t5] = 00000000, [$t6] = 00000000
[$t7] = 00000000, [$t8] = 00000000, [$t9] = 00000000
Time:           1, CLK = 0, PC =          4
[$s0] = 00000000, [$s1] = 00000000, [$s2] = 00000000
[$s3] = 00000000, [$s4] = 00000000, [$s5] = 00000000
[$s6] = 00000000, [$s7] = 00000000, [$t0] = 00000000
[$t1] = 00000000, [$t2] = 00000000, [$t3] = 00000000
[$t4] = 00000000, [$t5] = 00000000, [$t6] = 00000000
[$t7] = 00000000, [$t8] = 00000000, [$t9] = 00000000
Time:           2, CLK = 1, PC =          8
[$s0] = 00000000, [$s1] = 00000000, [$s2] = 00000000
[$s3] = 00000000, [$s4] = 00000000, [$s5] = 00000000
[$s6] = 00000000, [$s7] = 00000000, [$t0] = 00000000
[$t1] = 00000000, [$t2] = 00000000, [$t3] = 00000000
[$t4] = 00000000, [$t5] = 00000000, [$t6] = 00000000
[$t7] = 00000000, [$t8] = 00000000, [$t9] = 00000000
Time:           2, CLK = 0, PC =          8
[$s0] = 00000000, [$s1] = 00000000, [$s2] = 00000000
[$s3] = 00000000, [$s4] = 00000000, [$s5] = 00000000
[$s6] = 00000000, [$s7] = 00000000, [$t0] = 00000000
[$t1] = 00000000, [$t2] = 00000000, [$t3] = 00000000
[$t4] = 00000000, [$t5] = 00000000, [$t6] = 00000000
[$t7] = 00000000, [$t8] = 00000000, [$t9] = 00000000
Time:           3, CLK = 1, PC =         12
[$s0] = 00000000, [$s1] = 00000000, [$s2] = 00000000
[$s3] = 00000000, [$s4] = 00000000, [$s5] = 00000000
[$s6] = 00000000, [$s7] = 00000000, [$t0] = 00000000
[$t1] = 00000000, [$t2] = 00000000, [$t3] = 00000000
[$t4] = 00000000, [$t5] = 00000000, [$t6] = 00000000
[$t7] = 00000000, [$t8] = 00000000, [$t9] = 00000000
Time:           3, CLK = 0, PC =         12
[$s0] = 00000000, [$s1] = 00000000, [$s2] = 00000000
[$s3] = 00000000, [$s4] = 00000000, [$s5] = 00000000
[$s6] = 00000000, [$s7] = 00000000, [$t0] = 00000000
[$t1] = 00000000, [$t2] = 00000000, [$t3] = 00000000
[$t4] = 00000000, [$t5] = 00000000, [$t6] = 00000000
[$t7] = 00000000, [$t8] = 00000000, [$t9] = 00000000
Time:           4, CLK = 1, PC =         16
[$s0] = 00000000, [$s1] = 00000000, [$s2] = 00000000
[$s3] = 00000000, [$s4] = 00000000, [$s5] = 00000000
[$s6] = 00000000, [$s7] = 00000000, [$t0] = 00000000
[$t1] = 00000000, [$t2] = 00000000, [$t3] = 00000000
[$t4] = 00000000, [$t5] = 00000000, [$t6] = 00000000
[$t7] = 00000000, [$t8] = 00000000, [$t9] = 00000000
Time:           4, CLK = 0, PC =         16
[$s0] = 00000000, [$s1] = 00000000, [$s2] = 00000000
[$s3] = 00000000, [$s4] = 00000000, [$s5] = 00000000
[$s6] = 00000000, [$s7] = 00000000, [$t0] = 00000020
[$t1] = 00000000, [$t2] = 00000000, [$t3] = 00000000
[$t4] = 00000000, [$t5] = 00000000, [$t6] = 00000000
[$t7] = 00000000, [$t8] = 00000000, [$t9] = 00000000
Time:           5, CLK = 1, PC =         20
[$s0] = 00000000, [$s1] = 00000000, [$s2] = 00000000
[$s3] = 00000000, [$s4] = 00000000, [$s5] = 00000000
[$s6] = 00000000, [$s7] = 00000000, [$t0] = 00000020
[$t1] = 00000000, [$t2] = 00000000, [$t3] = 00000000
[$t4] = 00000000, [$t5] = 00000000, [$t6] = 00000000
[$t7] = 00000000, [$t8] = 00000000, [$t9] = 00000000
Time:           5, CLK = 0, PC =         20
[$s0] = 00000000, [$s1] = 00000000, [$s2] = 00000000
[$s3] = 00000000, [$s4] = 00000000, [$s5] = 00000000
[$s6] = 00000000, [$s7] = 00000000, [$t0] = 00000020
[$t1] = 00000037, [$t2] = 00000000, [$t3] = 00000000
[$t4] = 00000000, [$t5] = 00000000, [$t6] = 00000000
[$t7] = 00000000, [$t8] = 00000000, [$t9] = 00000000
Time:           6, CLK = 1, PC =         24
[$s0] = 00000000, [$s1] = 00000000, [$s2] = 00000000
[$s3] = 00000000, [$s4] = 00000000, [$s5] = 00000000
[$s6] = 00000000, [$s7] = 00000000, [$t0] = 00000020
[$t1] = 00000037, [$t2] = 00000000, [$t3] = 00000000
[$t4] = 00000000, [$t5] = 00000000, [$t6] = 00000000
[$t7] = 00000000, [$t8] = 00000000, [$t9] = 00000000
Time:           6, CLK = 0, PC =         24
[$s0] = 00000020, [$s1] = 00000000, [$s2] = 00000000
[$s3] = 00000000, [$s4] = 00000000, [$s5] = 00000000
[$s6] = 00000000, [$s7] = 00000000, [$t0] = 00000020
[$t1] = 00000037, [$t2] = 00000000, [$t3] = 00000000
[$t4] = 00000000, [$t5] = 00000000, [$t6] = 00000000
[$t7] = 00000000, [$t8] = 00000000, [$t9] = 00000000
Time:           7, CLK = 1, PC =         28
[$s0] = 00000020, [$s1] = 00000000, [$s2] = 00000000
[$s3] = 00000000, [$s4] = 00000000, [$s5] = 00000000
[$s6] = 00000000, [$s7] = 00000000, [$t0] = 00000020
[$t1] = 00000037, [$t2] = 00000000, [$t3] = 00000000
[$t4] = 00000000, [$t5] = 00000000, [$t6] = 00000000
[$t7] = 00000000, [$t8] = 00000000, [$t9] = 00000000
Time:           7, CLK = 0, PC =         28
[$s0] = 00000037, [$s1] = 00000000, [$s2] = 00000000
[$s3] = 00000000, [$s4] = 00000000, [$s5] = 00000000
[$s6] = 00000000, [$s7] = 00000000, [$t0] = 00000020
[$t1] = 00000037, [$t2] = 00000000, [$t3] = 00000000
[$t4] = 00000000, [$t5] = 00000000, [$t6] = 00000000
[$t7] = 00000000, [$t8] = 00000000, [$t9] = 00000000
Time:           8, CLK = 1, PC =         32
[$s0] = 00000037, [$s1] = 00000000, [$s2] = 00000000
[$s3] = 00000000, [$s4] = 00000000, [$s5] = 00000000
[$s6] = 00000000, [$s7] = 00000000, [$t0] = 00000020
[$t1] = 00000037, [$t2] = 00000000, [$t3] = 00000000
[$t4] = 00000000, [$t5] = 00000000, [$t6] = 00000000
[$t7] = 00000000, [$t8] = 00000000, [$t9] = 00000000
Time:           8, CLK = 0, PC =         32
[$s0] = 00000037, [$s1] = 00000000, [$s2] = 00000000
[$s3] = 00000000, [$s4] = 00000000, [$s5] = 00000000
[$s6] = 00000000, [$s7] = 00000000, [$t0] = 00000020
[$t1] = 00000037, [$t2] = 00000000, [$t3] = 00000000
[$t4] = 00000000, [$t5] = 00000000, [$t6] = 00000000
[$t7] = 00000000, [$t8] = 00000000, [$t9] = 00000000
Time:           9, CLK = 1, PC =         36
[$s0] = 00000037, [$s1] = 00000000, [$s2] = 00000000
[$s3] = 00000000, [$s4] = 00000000, [$s5] = 00000000
[$s6] = 00000000, [$s7] = 00000000, [$t0] = 00000020
[$t1] = 00000037, [$t2] = 00000000, [$t3] = 00000000
[$t4] = 00000000, [$t5] = 00000000, [$t6] = 00000000
[$t7] = 00000000, [$t8] = 00000000, [$t9] = 00000000
Time:           9, CLK = 0, PC =         36
[$s0] = 00000037, [$s1] = 00000000, [$s2] = 00000000
[$s3] = 00000000, [$s4] = 00000000, [$s5] = 00000000
[$s6] = 00000000, [$s7] = 00000000, [$t0] = 00000020
[$t1] = 00000037, [$t2] = 00000000, [$t3] = 00000000
[$t4] = 00000000, [$t5] = 00000000, [$t6] = 00000000
[$t7] = 00000000, [$t8] = 00000000, [$t9] = 00000000
Time:          10, CLK = 1, PC =         40
[$s0] = 00000037, [$s1] = 00000000, [$s2] = 00000000
[$s3] = 00000000, [$s4] = 00000000, [$s5] = 00000000
[$s6] = 00000000, [$s7] = 00000000, [$t0] = 00000020
[$t1] = 00000037, [$t2] = 00000000, [$t3] = 00000000
[$t4] = 00000000, [$t5] = 00000000, [$t6] = 00000000
[$t7] = 00000000, [$t8] = 00000000, [$t9] = 00000000
Time:          10, CLK = 0, PC =         40
[$s0] = 00000037, [$s1] = 00000057, [$s2] = 00000000
[$s3] = 00000000, [$s4] = 00000000, [$s5] = 00000000
[$s6] = 00000000, [$s7] = 00000000, [$t0] = 00000020
[$t1] = 00000037, [$t2] = 00000000, [$t3] = 00000000
[$t4] = 00000000, [$t5] = 00000000, [$t6] = 00000000
[$t7] = 00000000, [$t8] = 00000000, [$t9] = 00000000
Time:          11, CLK = 1, PC =         44
[$s0] = 00000037, [$s1] = 00000057, [$s2] = 00000000
[$s3] = 00000000, [$s4] = 00000000, [$s5] = 00000000
[$s6] = 00000000, [$s7] = 00000000, [$t0] = 00000020
[$t1] = 00000037, [$t2] = 00000000, [$t3] = 00000000
[$t4] = 00000000, [$t5] = 00000000, [$t6] = 00000000
[$t7] = 00000000, [$t8] = 00000000, [$t9] = 00000000
Time:          11, CLK = 0, PC =         44
[$s0] = 00000037, [$s1] = 00000057, [$s2] = ffffffe9
[$s3] = 00000000, [$s4] = 00000000, [$s5] = 00000000
[$s6] = 00000000, [$s7] = 00000000, [$t0] = 00000020
[$t1] = 00000037, [$t2] = 00000000, [$t3] = 00000000
[$t4] = 00000000, [$t5] = 00000000, [$t6] = 00000000
[$t7] = 00000000, [$t8] = 00000000, [$t9] = 00000000
Time:          12, CLK = 1, PC =         48
[$s0] = 00000037, [$s1] = 00000057, [$s2] = ffffffe9
[$s3] = 00000000, [$s4] = 00000000, [$s5] = 00000000
[$s6] = 00000000, [$s7] = 00000000, [$t0] = 00000020
[$t1] = 00000037, [$t2] = 00000000, [$t3] = 00000000
[$t4] = 00000000, [$t5] = 00000000, [$t6] = 00000000
[$t7] = 00000000, [$t8] = 00000000, [$t9] = 00000000
Time:          12, CLK = 0, PC =         48
[$s0] = 00000037, [$s1] = 00000057, [$s2] = ffffffe9
[$s3] = 00000000, [$s4] = 00000000, [$s5] = 00000000
[$s6] = 00000000, [$s7] = 00000000, [$t0] = 00000020
[$t1] = 00000037, [$t2] = 00000000, [$t3] = 00000000
[$t4] = 00000000, [$t5] = 00000000, [$t6] = 00000000
[$t7] = 00000000, [$t8] = 00000000, [$t9] = 00000000
Time:          13, CLK = 1, PC =         52
[$s0] = 00000037, [$s1] = 00000057, [$s2] = ffffffe9
[$s3] = 00000000, [$s4] = 00000000, [$s5] = 00000000
[$s6] = 00000000, [$s7] = 00000000, [$t0] = 00000020
[$t1] = 00000037, [$t2] = 00000000, [$t3] = 00000000
[$t4] = 00000000, [$t5] = 00000000, [$t6] = 00000000
[$t7] = 00000000, [$t8] = 00000000, [$t9] = 00000000
Time:          13, CLK = 0, PC =         52
[$s0] = 00000037, [$s1] = 00000057, [$s2] = ffffffe9
[$s3] = 00000000, [$s4] = 00000000, [$s5] = 00000000
[$s6] = 00000000, [$s7] = 00000000, [$t0] = 00000020
[$t1] = 00000037, [$t2] = 00000000, [$t3] = 00000000
[$t4] = 00000000, [$t5] = 00000000, [$t6] = 00000000
[$t7] = 00000000, [$t8] = 00000000, [$t9] = 00000000
Time:          14, CLK = 1, PC =         56
[$s0] = 00000037, [$s1] = 00000057, [$s2] = ffffffe9
[$s3] = 00000000, [$s4] = 00000000, [$s5] = 00000000
[$s6] = 00000000, [$s7] = 00000000, [$t0] = 00000020
[$t1] = 00000037, [$t2] = 00000000, [$t3] = 00000000
[$t4] = 00000000, [$t5] = 00000000, [$t6] = 00000000
[$t7] = 00000000, [$t8] = 00000000, [$t9] = 00000000
Time:          14, CLK = 0, PC =         56
[$s0] = 00000037, [$s1] = 00000057, [$s2] = ffffffe9
[$s3] = 00000000, [$s4] = 00000000, [$s5] = 00000000
[$s6] = 00000000, [$s7] = 00000000, [$t0] = 00000020
[$t1] = 00000037, [$t2] = 00000000, [$t3] = 00000000
[$t4] = 00000000, [$t5] = 00000000, [$t6] = 00000000
[$t7] = 00000000, [$t8] = 00000000, [$t9] = 00000000
Time:          15, CLK = 1, PC =         56
[$s0] = 00000037, [$s1] = 00000057, [$s2] = ffffffe9
[$s3] = 00000000, [$s4] = 00000000, [$s5] = 00000000
[$s6] = 00000000, [$s7] = 00000000, [$t0] = 00000020
[$t1] = 00000037, [$t2] = 00000000, [$t3] = 00000000
[$t4] = 00000000, [$t5] = 00000000, [$t6] = 00000000
[$t7] = 00000000, [$t8] = 00000000, [$t9] = 00000000
Time:          15, CLK = 0, PC =         56
[$s0] = 00000037, [$s1] = 00000057, [$s2] = ffffffe9
[$s3] = 00000000, [$s4] = 00000000, [$s5] = 00000000
[$s6] = 00000000, [$s7] = 00000000, [$t0] = 00000020
[$t1] = 00000037, [$t2] = 00000000, [$t3] = 00000000
[$t4] = 00000000, [$t5] = 00000000, [$t6] = 00000000
[$t7] = 00000000, [$t8] = 00000000, [$t9] = 00000000
Time:          16, CLK = 1, PC =         60
[$s0] = 00000037, [$s1] = 00000057, [$s2] = ffffffe9
[$s3] = 00000000, [$s4] = 00000000, [$s5] = 00000000
[$s6] = 00000000, [$s7] = 00000000, [$t0] = 00000020
[$t1] = 00000037, [$t2] = 00000000, [$t3] = 00000000
[$t4] = 00000000, [$t5] = 00000000, [$t6] = 00000000
[$t7] = 00000000, [$t8] = 00000000, [$t9] = 00000000
Time:          16, CLK = 0, PC =         60
[$s0] = 00000037, [$s1] = 00000037, [$s2] = ffffffe9
[$s3] = 00000000, [$s4] = 00000000, [$s5] = 00000000
[$s6] = 00000000, [$s7] = 00000000, [$t0] = 00000020
[$t1] = 00000037, [$t2] = 00000000, [$t3] = 00000000
[$t4] = 00000000, [$t5] = 00000000, [$t6] = 00000000
[$t7] = 00000000, [$t8] = 00000000, [$t9] = 00000000
Time:          17, CLK = 1, PC =         64
[$s0] = 00000037, [$s1] = 00000037, [$s2] = ffffffe9
[$s3] = 00000000, [$s4] = 00000000, [$s5] = 00000000
[$s6] = 00000000, [$s7] = 00000000, [$t0] = 00000020
[$t1] = 00000037, [$t2] = 00000000, [$t3] = 00000000
[$t4] = 00000000, [$t5] = 00000000, [$t6] = 00000000
[$t7] = 00000000, [$t8] = 00000000, [$t9] = 00000000
Time:          17, CLK = 0, PC =         64
[$s0] = 00000037, [$s1] = 00000037, [$s2] = ffffffe9
[$s3] = 00000000, [$s4] = 00000000, [$s5] = 00000000
[$s6] = 00000000, [$s7] = 00000000, [$t0] = 00000020
[$t1] = 00000037, [$t2] = 00000000, [$t3] = 00000000
[$t4] = 00000000, [$t5] = 00000000, [$t6] = 00000000
[$t7] = 00000000, [$t8] = 00000000, [$t9] = 00000000
Time:          18, CLK = 1, PC =         68
[$s0] = 00000037, [$s1] = 00000037, [$s2] = ffffffe9
[$s3] = 00000000, [$s4] = 00000000, [$s5] = 00000000
[$s6] = 00000000, [$s7] = 00000000, [$t0] = 00000020
[$t1] = 00000037, [$t2] = 00000000, [$t3] = 00000000
[$t4] = 00000000, [$t5] = 00000000, [$t6] = 00000000
[$t7] = 00000000, [$t8] = 00000000, [$t9] = 00000000
Time:          18, CLK = 0, PC =         68
[$s0] = 00000037, [$s1] = 00000037, [$s2] = 00000000
[$s3] = 00000000, [$s4] = 00000000, [$s5] = 00000000
[$s6] = 00000000, [$s7] = 00000000, [$t0] = 00000020
[$t1] = 00000037, [$t2] = 00000000, [$t3] = 00000000
[$t4] = 00000000, [$t5] = 00000000, [$t6] = 00000000
[$t7] = 00000000, [$t8] = 00000000, [$t9] = 00000000
Time:          19, CLK = 1, PC =         72
[$s0] = 00000037, [$s1] = 00000037, [$s2] = 00000000
[$s3] = 00000000, [$s4] = 00000000, [$s5] = 00000000
[$s6] = 00000000, [$s7] = 00000000, [$t0] = 00000020
[$t1] = 00000037, [$t2] = 00000000, [$t3] = 00000000
[$t4] = 00000000, [$t5] = 00000000, [$t6] = 00000000
[$t7] = 00000000, [$t8] = 00000000, [$t9] = 00000000
Time:          19, CLK = 0, PC =         72
[$s0] = 00000037, [$s1] = 00000037, [$s2] = 00000000
[$s3] = 00000000, [$s4] = 00000000, [$s5] = 00000000
[$s6] = 00000000, [$s7] = 00000000, [$t0] = 00000020
[$t1] = 00000037, [$t2] = 00000000, [$t3] = 00000000
[$t4] = 00000000, [$t5] = 00000000, [$t6] = 00000000
[$t7] = 00000000, [$t8] = 00000000, [$t9] = 00000000
Time:          20, CLK = 1, PC =         76
[$s0] = 00000037, [$s1] = 00000037, [$s2] = 00000000
[$s3] = 00000000, [$s4] = 00000000, [$s5] = 00000000
[$s6] = 00000000, [$s7] = 00000000, [$t0] = 00000020
[$t1] = 00000037, [$t2] = 00000000, [$t3] = 00000000
[$t4] = 00000000, [$t5] = 00000000, [$t6] = 00000000
[$t7] = 00000000, [$t8] = 00000000, [$t9] = 00000000
Time:          20, CLK = 0, PC =         76
[$s0] = 00000037, [$s1] = 00000037, [$s2] = 00000000
[$s3] = 00000000, [$s4] = 00000000, [$s5] = 00000000
[$s6] = 00000000, [$s7] = 00000000, [$t0] = 00000020
[$t1] = 00000037, [$t2] = 00000000, [$t3] = 00000000
[$t4] = 00000000, [$t5] = 00000000, [$t6] = 00000000
[$t7] = 00000000, [$t8] = 00000000, [$t9] = 00000000
Time:          21, CLK = 1, PC =         80
[$s0] = 00000037, [$s1] = 00000037, [$s2] = 00000000
[$s3] = 00000000, [$s4] = 00000000, [$s5] = 00000000
[$s6] = 00000000, [$s7] = 00000000, [$t0] = 00000020
[$t1] = 00000037, [$t2] = 00000000, [$t3] = 00000000
[$t4] = 00000000, [$t5] = 00000000, [$t6] = 00000000
[$t7] = 00000000, [$t8] = 00000000, [$t9] = 00000000
Time:          21, CLK = 0, PC =         80
[$s0] = 00000037, [$s1] = 00000037, [$s2] = 00000000
[$s3] = 00000000, [$s4] = 00000000, [$s5] = 00000000
[$s6] = 00000000, [$s7] = 00000000, [$t0] = 00000020
[$t1] = 00000037, [$t2] = 00000000, [$t3] = 00000000
[$t4] = 00000000, [$t5] = 00000000, [$t6] = 00000000
[$t7] = 00000000, [$t8] = 00000000, [$t9] = 00000000
Time:          22, CLK = 1, PC =         84
[$s0] = 00000037, [$s1] = 00000037, [$s2] = 00000000
[$s3] = 00000000, [$s4] = 00000000, [$s5] = 00000000
[$s6] = 00000000, [$s7] = 00000000, [$t0] = 00000020
[$t1] = 00000037, [$t2] = 00000000, [$t3] = 00000000
[$t4] = 00000000, [$t5] = 00000000, [$t6] = 00000000
[$t7] = 00000000, [$t8] = 00000000, [$t9] = 00000000
Time:          22, CLK = 0, PC =         84
[$s0] = 00000037, [$s1] = 00000037, [$s2] = 00000000
[$s3] = 00000000, [$s4] = 00000000, [$s5] = 00000000
[$s6] = 00000000, [$s7] = 00000000, [$t0] = 00000020
[$t1] = 00000037, [$t2] = 00000000, [$t3] = 00000000
[$t4] = 00000000, [$t5] = 00000000, [$t6] = 00000000
[$t7] = 00000000, [$t8] = 00000000, [$t9] = 00000000
Time:          23, CLK = 1, PC =         88
[$s0] = 00000037, [$s1] = 00000037, [$s2] = 00000000
[$s3] = 00000000, [$s4] = 00000000, [$s5] = 00000000
[$s6] = 00000000, [$s7] = 00000000, [$t0] = 00000020
[$t1] = 00000037, [$t2] = 00000000, [$t3] = 00000000
[$t4] = 00000000, [$t5] = 00000000, [$t6] = 00000000
[$t7] = 00000000, [$t8] = 00000000, [$t9] = 00000000
Time:          23, CLK = 0, PC =         88
[$s0] = 00000037, [$s1] = 00000037, [$s2] = 00000000
[$s3] = 00000020, [$s4] = 00000000, [$s5] = 00000000
[$s6] = 00000000, [$s7] = 00000000, [$t0] = 00000020
[$t1] = 00000037, [$t2] = 00000000, [$t3] = 00000000
[$t4] = 00000000, [$t5] = 00000000, [$t6] = 00000000
[$t7] = 00000000, [$t8] = 00000000, [$t9] = 00000000
Time:          24, CLK = 1, PC =         92
[$s0] = 00000037, [$s1] = 00000037, [$s2] = 00000000
[$s3] = 00000020, [$s4] = 00000000, [$s5] = 00000000
[$s6] = 00000000, [$s7] = 00000000, [$t0] = 00000020
[$t1] = 00000037, [$t2] = 00000000, [$t3] = 00000000
[$t4] = 00000000, [$t5] = 00000000, [$t6] = 00000000
[$t7] = 00000000, [$t8] = 00000000, [$t9] = 00000000
Time:          24, CLK = 0, PC =         92
[$s0] = 00000037, [$s1] = 00000037, [$s2] = 00000000
[$s3] = 00000020, [$s4] = 00000000, [$s5] = 00000000
[$s6] = 00000000, [$s7] = 00000000, [$t0] = 00000020
[$t1] = 00000037, [$t2] = 00000000, [$t3] = 00000000
[$t4] = 00000000, [$t5] = 00000000, [$t6] = 00000000
[$t7] = 00000000, [$t8] = 00000000, [$t9] = 00000000
Time:          25, CLK = 1, PC =         96
[$s0] = 00000037, [$s1] = 00000037, [$s2] = 00000000
[$s3] = 00000020, [$s4] = 00000000, [$s5] = 00000000
[$s6] = 00000000, [$s7] = 00000000, [$t0] = 00000020
[$t1] = 00000037, [$t2] = 00000000, [$t3] = 00000000
[$t4] = 00000000, [$t5] = 00000000, [$t6] = 00000000
[$t7] = 00000000, [$t8] = 00000000, [$t9] = 00000000
Time:          25, CLK = 0, PC =         96
[$s0] = 00000037, [$s1] = 00000037, [$s2] = 00000000
[$s3] = 00000020, [$s4] = 00000000, [$s5] = 00000000
[$s6] = 00000000, [$s7] = 00000000, [$t0] = 00000020
[$t1] = 00000037, [$t2] = 00000000, [$t3] = 00000000
[$t4] = 00000000, [$t5] = 00000000, [$t6] = 00000000
[$t7] = 00000000, [$t8] = 00000000, [$t9] = 00000000
Time:          26, CLK = 1, PC =        100
[$s0] = 00000037, [$s1] = 00000037, [$s2] = 00000000
[$s3] = 00000020, [$s4] = 00000000, [$s5] = 00000000
[$s6] = 00000000, [$s7] = 00000000, [$t0] = 00000020
[$t1] = 00000037, [$t2] = 00000000, [$t3] = 00000000
[$t4] = 00000000, [$t5] = 00000000, [$t6] = 00000000
[$t7] = 00000000, [$t8] = 00000000, [$t9] = 00000000
Time:          26, CLK = 0, PC =        100
[$s0] = 00000037, [$s1] = 00000037, [$s2] = 00000000
[$s3] = 00000020, [$s4] = 00000000, [$s5] = 00000000
[$s6] = 00000000, [$s7] = 00000000, [$t0] = 00000020
[$t1] = 00000037, [$t2] = 00000000, [$t3] = 00000000
[$t4] = 00000000, [$t5] = 00000000, [$t6] = 00000000
[$t7] = 00000000, [$t8] = 00000000, [$t9] = 00000000
Time:          27, CLK = 1, PC =        104
[$s0] = 00000037, [$s1] = 00000037, [$s2] = 00000000
[$s3] = 00000020, [$s4] = 00000000, [$s5] = 00000000
[$s6] = 00000000, [$s7] = 00000000, [$t0] = 00000020
[$t1] = 00000037, [$t2] = 00000000, [$t3] = 00000000
[$t4] = 00000000, [$t5] = 00000000, [$t6] = 00000000
[$t7] = 00000000, [$t8] = 00000000, [$t9] = 00000000
Time:          27, CLK = 0, PC =        104
[$s0] = 00000037, [$s1] = 00000037, [$s2] = 00000000
[$s3] = 00000020, [$s4] = 00000000, [$s5] = 00000000
[$s6] = 00000000, [$s7] = 00000000, [$t0] = 00000020
[$t1] = 00000037, [$t2] = 00000000, [$t3] = 00000000
[$t4] = 00000000, [$t5] = 00000000, [$t6] = 00000000
[$t7] = 00000000, [$t8] = 00000000, [$t9] = 00000000
Time:          28, CLK = 1, PC =        108
[$s0] = 00000037, [$s1] = 00000037, [$s2] = 00000000
[$s3] = 00000020, [$s4] = 00000000, [$s5] = 00000000
[$s6] = 00000000, [$s7] = 00000000, [$t0] = 00000020
[$t1] = 00000037, [$t2] = 00000000, [$t3] = 00000000
[$t4] = 00000000, [$t5] = 00000000, [$t6] = 00000000
[$t7] = 00000000, [$t8] = 00000000, [$t9] = 00000000
Time:          28, CLK = 0, PC =        108
[$s0] = 00000037, [$s1] = 00000037, [$s2] = 00000000
[$s3] = 00000020, [$s4] = 00000001, [$s5] = 00000000
[$s6] = 00000000, [$s7] = 00000000, [$t0] = 00000020
[$t1] = 00000037, [$t2] = 00000000, [$t3] = 00000000
[$t4] = 00000000, [$t5] = 00000000, [$t6] = 00000000
[$t7] = 00000000, [$t8] = 00000000, [$t9] = 00000000
Time:          29, CLK = 1, PC =        112
[$s0] = 00000037, [$s1] = 00000037, [$s2] = 00000000
[$s3] = 00000020, [$s4] = 00000001, [$s5] = 00000000
[$s6] = 00000000, [$s7] = 00000000, [$t0] = 00000020
[$t1] = 00000037, [$t2] = 00000000, [$t3] = 00000000
[$t4] = 00000000, [$t5] = 00000000, [$t6] = 00000000
[$t7] = 00000000, [$t8] = 00000000, [$t9] = 00000000
Time:          29, CLK = 0, PC =        112
[$s0] = 00000037, [$s1] = 00000037, [$s2] = 00000000
[$s3] = 00000020, [$s4] = 00000001, [$s5] = 00000000
[$s6] = 00000000, [$s7] = 00000000, [$t0] = 00000020
[$t1] = 00000037, [$t2] = 00000000, [$t3] = 00000000
[$t4] = 00000000, [$t5] = 00000000, [$t6] = 00000000
[$t7] = 00000000, [$t8] = 00000000, [$t9] = 00000000
Time:          30, CLK = 1, PC =        116
[$s0] = 00000037, [$s1] = 00000037, [$s2] = 00000000
[$s3] = 00000020, [$s4] = 00000001, [$s5] = 00000000
[$s6] = 00000000, [$s7] = 00000000, [$t0] = 00000020
[$t1] = 00000037, [$t2] = 00000000, [$t3] = 00000000
[$t4] = 00000000, [$t5] = 00000000, [$t6] = 00000000
[$t7] = 00000000, [$t8] = 00000000, [$t9] = 00000000
Time:          30, CLK = 0, PC =        116
[$s0] = 00000037, [$s1] = 00000037, [$s2] = 00000000
[$s3] = 00000020, [$s4] = 00000001, [$s5] = 00000000
[$s6] = 00000000, [$s7] = 00000000, [$t0] = 00000020
[$t1] = 00000037, [$t2] = 00000000, [$t3] = 00000000
[$t4] = 00000000, [$t5] = 00000000, [$t6] = 00000000
[$t7] = 00000000, [$t8] = 00000000, [$t9] = 00000000
Time:          31, CLK = 1, PC =        120
[$s0] = 00000037, [$s1] = 00000037, [$s2] = 00000000
[$s3] = 00000020, [$s4] = 00000001, [$s5] = 00000000
[$s6] = 00000000, [$s7] = 00000000, [$t0] = 00000020
[$t1] = 00000037, [$t2] = 00000000, [$t3] = 00000000
[$t4] = 00000000, [$t5] = 00000000, [$t6] = 00000000
[$t7] = 00000000, [$t8] = 00000000, [$t9] = 00000000
Time:          31, CLK = 0, PC =        120
[$s0] = 00000037, [$s1] = 00000037, [$s2] = 00000000
[$s3] = 00000020, [$s4] = 00000001, [$s5] = 00000000
[$s6] = 00000000, [$s7] = 00000000, [$t0] = 00000020
[$t1] = 00000037, [$t2] = 00000000, [$t3] = 00000000
[$t4] = 00000000, [$t5] = 00000000, [$t6] = 00000000
[$t7] = 00000000, [$t8] = 00000000, [$t9] = 00000000
Time:          32, CLK = 1, PC =         92
[$s0] = 00000037, [$s1] = 00000037, [$s2] = 00000000
[$s3] = 00000020, [$s4] = 00000001, [$s5] = 00000000
[$s6] = 00000000, [$s7] = 00000000, [$t0] = 00000020
[$t1] = 00000037, [$t2] = 00000000, [$t3] = 00000000
[$t4] = 00000000, [$t5] = 00000000, [$t6] = 00000000
[$t7] = 00000000, [$t8] = 00000000, [$t9] = 00000000
Time:          32, CLK = 0, PC =         92
[$s0] = 00000037, [$s1] = 00000037, [$s2] = 00000000
[$s3] = 00000020, [$s4] = 00000001, [$s5] = 00000000
[$s6] = 00000000, [$s7] = 00000000, [$t0] = 00000020
[$t1] = 00000037, [$t2] = 00000000, [$t3] = 00000000
[$t4] = 00000000, [$t5] = 00000000, [$t6] = 00000000
[$t7] = 00000000, [$t8] = 00000000, [$t9] = 00000000
Time:          33, CLK = 1, PC =         96
[$s0] = 00000037, [$s1] = 00000037, [$s2] = 00000000
[$s3] = 00000020, [$s4] = 00000001, [$s5] = 00000000
[$s6] = 00000000, [$s7] = 00000000, [$t0] = 00000020
[$t1] = 00000037, [$t2] = 00000000, [$t3] = 00000000
[$t4] = 00000000, [$t5] = 00000000, [$t6] = 00000000
[$t7] = 00000000, [$t8] = 00000000, [$t9] = 00000000
Time:          33, CLK = 0, PC =         96
[$s0] = 00000037, [$s1] = 00000037, [$s2] = 00000037
[$s3] = 00000020, [$s4] = 00000001, [$s5] = 00000000
[$s6] = 00000000, [$s7] = 00000000, [$t0] = 00000020
[$t1] = 00000037, [$t2] = 00000000, [$t3] = 00000000
[$t4] = 00000000, [$t5] = 00000000, [$t6] = 00000000
[$t7] = 00000000, [$t8] = 00000000, [$t9] = 00000000
Time:          34, CLK = 1, PC =        100
[$s0] = 00000037, [$s1] = 00000037, [$s2] = 00000037
[$s3] = 00000020, [$s4] = 00000001, [$s5] = 00000000
[$s6] = 00000000, [$s7] = 00000000, [$t0] = 00000020
[$t1] = 00000037, [$t2] = 00000000, [$t3] = 00000000
[$t4] = 00000000, [$t5] = 00000000, [$t6] = 00000000
[$t7] = 00000000, [$t8] = 00000000, [$t9] = 00000000
Time:          34, CLK = 0, PC =        100
[$s0] = 00000037, [$s1] = 00000037, [$s2] = 00000037
[$s3] = 00000020, [$s4] = 00000001, [$s5] = 00000000
[$s6] = 00000000, [$s7] = 00000000, [$t0] = 00000020
[$t1] = 00000037, [$t2] = 00000000, [$t3] = 00000000
[$t4] = 00000000, [$t5] = 00000000, [$t6] = 00000000
[$t7] = 00000000, [$t8] = 00000000, [$t9] = 00000000
Time:          35, CLK = 1, PC =        104
[$s0] = 00000037, [$s1] = 00000037, [$s2] = 00000037
[$s3] = 00000020, [$s4] = 00000001, [$s5] = 00000000
[$s6] = 00000000, [$s7] = 00000000, [$t0] = 00000020
[$t1] = 00000037, [$t2] = 00000000, [$t3] = 00000000
[$t4] = 00000000, [$t5] = 00000000, [$t6] = 00000000
[$t7] = 00000000, [$t8] = 00000000, [$t9] = 00000000
Time:          35, CLK = 0, PC =        104
[$s0] = 00000037, [$s1] = 00000037, [$s2] = 00000037
[$s3] = 00000020, [$s4] = 00000001, [$s5] = 00000000
[$s6] = 00000000, [$s7] = 00000000, [$t0] = 00000000
[$t1] = 00000037, [$t2] = 00000000, [$t3] = 00000000
[$t4] = 00000000, [$t5] = 00000000, [$t6] = 00000000
[$t7] = 00000000, [$t8] = 00000000, [$t9] = 00000000
Time:          36, CLK = 1, PC =        108
[$s0] = 00000037, [$s1] = 00000037, [$s2] = 00000037
[$s3] = 00000020, [$s4] = 00000001, [$s5] = 00000000
[$s6] = 00000000, [$s7] = 00000000, [$t0] = 00000000
[$t1] = 00000037, [$t2] = 00000000, [$t3] = 00000000
[$t4] = 00000000, [$t5] = 00000000, [$t6] = 00000000
[$t7] = 00000000, [$t8] = 00000000, [$t9] = 00000000
Time:          36, CLK = 0, PC =        108
[$s0] = 00000037, [$s1] = 00000037, [$s2] = 00000037
[$s3] = 00000020, [$s4] = 00000000, [$s5] = 00000000
[$s6] = 00000000, [$s7] = 00000000, [$t0] = 00000000
[$t1] = 00000037, [$t2] = 00000000, [$t3] = 00000000
[$t4] = 00000000, [$t5] = 00000000, [$t6] = 00000000
[$t7] = 00000000, [$t8] = 00000000, [$t9] = 00000000
Time:          37, CLK = 1, PC =        112
[$s0] = 00000037, [$s1] = 00000037, [$s2] = 00000037
[$s3] = 00000020, [$s4] = 00000000, [$s5] = 00000000
[$s6] = 00000000, [$s7] = 00000000, [$t0] = 00000000
[$t1] = 00000037, [$t2] = 00000000, [$t3] = 00000000
[$t4] = 00000000, [$t5] = 00000000, [$t6] = 00000000
[$t7] = 00000000, [$t8] = 00000000, [$t9] = 00000000
Time:          37, CLK = 0, PC =        112
[$s0] = 00000037, [$s1] = 00000037, [$s2] = 00000037
[$s3] = 00000020, [$s4] = 00000000, [$s5] = 00000000
[$s6] = 00000000, [$s7] = 00000000, [$t0] = 00000020
[$t1] = 00000037, [$t2] = 00000000, [$t3] = 00000000
[$t4] = 00000000, [$t5] = 00000000, [$t6] = 00000000
[$t7] = 00000000, [$t8] = 00000000, [$t9] = 00000000
Time:          38, CLK = 1, PC =        172
[$s0] = 00000037, [$s1] = 00000037, [$s2] = 00000037
[$s3] = 00000020, [$s4] = 00000000, [$s5] = 00000000
[$s6] = 00000000, [$s7] = 00000000, [$t0] = 00000020
[$t1] = 00000037, [$t2] = 00000000, [$t3] = 00000000
[$t4] = 00000000, [$t5] = 00000000, [$t6] = 00000000
[$t7] = 00000000, [$t8] = 00000000, [$t9] = 00000000
Time:          38, CLK = 0, PC =        172
[$s0] = 00000037, [$s1] = 00000037, [$s2] = 00000037
[$s3] = 00000020, [$s4] = 00000000, [$s5] = 00000000
[$s6] = 00000000, [$s7] = 00000000, [$t0] = 00000020
[$t1] = 00000037, [$t2] = 00000000, [$t3] = 00000000
[$t4] = 00000000, [$t5] = 00000000, [$t6] = 00000000
[$t7] = 00000000, [$t8] = 00000000, [$t9] = 00000000
Time:          39, CLK = 1, PC =        176
[$s0] = 00000037, [$s1] = 00000037, [$s2] = 00000037
[$s3] = 00000020, [$s4] = 00000000, [$s5] = 00000000
[$s6] = 00000000, [$s7] = 00000000, [$t0] = 00000020
[$t1] = 00000037, [$t2] = 00000000, [$t3] = 00000000
[$t4] = 00000000, [$t5] = 00000000, [$t6] = 00000000
[$t7] = 00000000, [$t8] = 00000000, [$t9] = 00000000
Time:          39, CLK = 0, PC =        176
[$s0] = 00000037, [$s1] = 00000037, [$s2] = 00000037
[$s3] = 00000020, [$s4] = 00000000, [$s5] = 00000000
[$s6] = 00000000, [$s7] = 00000000, [$t0] = 00000020
[$t1] = 00000037, [$t2] = 00000000, [$t3] = 00000000
[$t4] = 00000000, [$t5] = 00000000, [$t6] = 00000000
[$t7] = 00000000, [$t8] = 00000000, [$t9] = 00000000
Time:          40, CLK = 1, PC =        180
[$s0] = 00000037, [$s1] = 00000037, [$s2] = 00000037
[$s3] = 00000020, [$s4] = 00000000, [$s5] = 00000000
[$s6] = 00000000, [$s7] = 00000000, [$t0] = 00000020
[$t1] = 00000037, [$t2] = 00000000, [$t3] = 00000000
[$t4] = 00000000, [$t5] = 00000000, [$t6] = 00000000
[$t7] = 00000000, [$t8] = 00000000, [$t9] = 00000000
Time:          40, CLK = 0, PC =        180
[$s0] = 00000037, [$s1] = 00000037, [$s2] = 00000037
[$s3] = 00000020, [$s4] = 00000000, [$s5] = 00000000
[$s6] = 00000000, [$s7] = 00000000, [$t0] = 00000020
[$t1] = 00000037, [$t2] = 00000000, [$t3] = 00000000
[$t4] = 00000000, [$t5] = 00000000, [$t6] = 00000000
[$t7] = 00000000, [$t8] = 00000000, [$t9] = 00000000
Time:          41, CLK = 1, PC =        184
[$s0] = 00000037, [$s1] = 00000037, [$s2] = 00000037
[$s3] = 00000020, [$s4] = 00000000, [$s5] = 00000000
[$s6] = 00000000, [$s7] = 00000000, [$t0] = 00000020
[$t1] = 00000037, [$t2] = 00000000, [$t3] = 00000000
[$t4] = 00000000, [$t5] = 00000000, [$t6] = 00000000
[$t7] = 00000000, [$t8] = 00000000, [$t9] = 00000000
Time:          41, CLK = 0, PC =        184
[$s0] = 00000037, [$s1] = 00000037, [$s2] = 00000037
[$s3] = 00000020, [$s4] = 00000000, [$s5] = 00000000
[$s6] = 00000000, [$s7] = 00000000, [$t0] = 00000020
[$t1] = 00000037, [$t2] = 00000000, [$t3] = 00000000
[$t4] = 00000000, [$t5] = 00000000, [$t6] = 00000000
[$t7] = 00000000, [$t8] = 00000000, [$t9] = 00000000
Time:          42, CLK = 1, PC =        188
[$s0] = 00000037, [$s1] = 00000037, [$s2] = 00000037
[$s3] = 00000020, [$s4] = 00000000, [$s5] = 00000000
[$s6] = 00000000, [$s7] = 00000000, [$t0] = 00000020
[$t1] = 00000037, [$t2] = 00000000, [$t3] = 00000000
[$t4] = 00000000, [$t5] = 00000000, [$t6] = 00000000
[$t7] = 00000000, [$t8] = 00000000, [$t9] = 00000000
Time:          42, CLK = 0, PC =        188
[$s0] = 00000037, [$s1] = 00000037, [$s2] = 00000037
[$s3] = 00000020, [$s4] = 00000000, [$s5] = 00000000
[$s6] = 00000000, [$s7] = 00000000, [$t0] = 00000020
[$t1] = 00000037, [$t2] = 00000000, [$t3] = 00000000
[$t4] = 00000000, [$t5] = 00000000, [$t6] = 00000000
[$t7] = 00000000, [$t8] = 00000000, [$t9] = 00000000
Time:          43, CLK = 1, PC =        192
[$s0] = 00000037, [$s1] = 00000037, [$s2] = 00000037
[$s3] = 00000020, [$s4] = 00000000, [$s5] = 00000000
[$s6] = 00000000, [$s7] = 00000000, [$t0] = 00000020
[$t1] = 00000037, [$t2] = 00000000, [$t3] = 00000000
[$t4] = 00000000, [$t5] = 00000000, [$t6] = 00000000
[$t7] = 00000000, [$t8] = 00000000, [$t9] = 00000000
Time:          43, CLK = 0, PC =        192
[$s0] = 00000037, [$s1] = 00000037, [$s2] = 00000037
[$s3] = 00000020, [$s4] = 00000000, [$s5] = 00000000
[$s6] = 00000000, [$s7] = 00000000, [$t0] = 00000020
[$t1] = 00000037, [$t2] = 00000000, [$t3] = 00000000
[$t4] = 00000000, [$t5] = 00000000, [$t6] = 00000000
[$t7] = 00000000, [$t8] = 00000000, [$t9] = 00000000
Time:          44, CLK = 1, PC =        196
[$s0] = 00000037, [$s1] = 00000037, [$s2] = 00000037
[$s3] = 00000020, [$s4] = 00000000, [$s5] = 00000000
[$s6] = 00000000, [$s7] = 00000000, [$t0] = 00000020
[$t1] = 00000037, [$t2] = 00000000, [$t3] = 00000000
[$t4] = 00000000, [$t5] = 00000000, [$t6] = 00000000
[$t7] = 00000000, [$t8] = 00000000, [$t9] = 00000000
Time:          44, CLK = 0, PC =        196
[$s0] = 00000037, [$s1] = 00000037, [$s2] = 00000037
[$s3] = 00000020, [$s4] = 00000000, [$s5] = 00000000
[$s6] = 00000000, [$s7] = 00000000, [$t0] = 00000020
[$t1] = 00000037, [$t2] = 00000000, [$t3] = 00000000
[$t4] = 00000000, [$t5] = 00000000, [$t6] = 00000000
[$t7] = 00000000, [$t8] = 00000000, [$t9] = 00000000
Time:          45, CLK = 1, PC =        200
[$s0] = 00000037, [$s1] = 00000037, [$s2] = 00000037
[$s3] = 00000020, [$s4] = 00000000, [$s5] = 00000000
[$s6] = 00000000, [$s7] = 00000000, [$t0] = 00000020
[$t1] = 00000037, [$t2] = 00000000, [$t3] = 00000000
[$t4] = 00000000, [$t5] = 00000000, [$t6] = 00000000
[$t7] = 00000000, [$t8] = 00000000, [$t9] = 00000000
Time:          45, CLK = 0, PC =        200
[$s0] = 00000037, [$s1] = 00000037, [$s2] = 00000037
[$s3] = 00000020, [$s4] = 00000000, [$s5] = 00000000
[$s6] = 00000000, [$s7] = 00000000, [$t0] = 00000020
[$t1] = 00000037, [$t2] = 00000000, [$t3] = 00000000
[$t4] = 00000000, [$t5] = 00000000, [$t6] = 00000000
[$t7] = 00000000, [$t8] = 00000000, [$t9] = 00000000
Time:          46, CLK = 1, PC =        204
[$s0] = 00000037, [$s1] = 00000037, [$s2] = 00000037
[$s3] = 00000020, [$s4] = 00000000, [$s5] = 00000000
[$s6] = 00000000, [$s7] = 00000000, [$t0] = 00000020
[$t1] = 00000037, [$t2] = 00000000, [$t3] = 00000000
[$t4] = 00000000, [$t5] = 00000000, [$t6] = 00000000
[$t7] = 00000000, [$t8] = 00000000, [$t9] = 00000000
Time:          46, CLK = 0, PC =        204
[$s0] = 00000037, [$s1] = 00000037, [$s2] = 00000037
[$s3] = 00000020, [$s4] = 00000000, [$s5] = 00000000
[$s6] = 00000000, [$s7] = 00000000, [$t0] = 00000020
[$t1] = 00000037, [$t2] = 00000000, [$t3] = 00000000
[$t4] = 00000000, [$t5] = 00000000, [$t6] = 00000000
[$t7] = 00000000, [$t8] = 00000000, [$t9] = 00000000
Time:          47, CLK = 1, PC =        208
[$s0] = 00000037, [$s1] = 00000037, [$s2] = 00000037
[$s3] = 00000020, [$s4] = 00000000, [$s5] = 00000000
[$s6] = 00000000, [$s7] = 00000000, [$t0] = 00000020
[$t1] = 00000037, [$t2] = 00000000, [$t3] = 00000000
[$t4] = 00000000, [$t5] = 00000000, [$t6] = 00000000
[$t7] = 00000000, [$t8] = 00000000, [$t9] = 00000000
Time:          47, CLK = 0, PC =        208
[$s0] = 00000037, [$s1] = 00000037, [$s2] = 00000037
[$s3] = 00000020, [$s4] = 00000000, [$s5] = 00000000
[$s6] = 00000000, [$s7] = 00000000, [$t0] = 00000020
[$t1] = 00000037, [$t2] = 00000000, [$t3] = 00000000
[$t4] = 00000000, [$t5] = 00000000, [$t6] = 00000000
[$t7] = 00000000, [$t8] = 00000000, [$t9] = 00000000
Time:          48, CLK = 1, PC =        212
[$s0] = 00000037, [$s1] = 00000037, [$s2] = 00000037
[$s3] = 00000020, [$s4] = 00000000, [$s5] = 00000000
[$s6] = 00000000, [$s7] = 00000000, [$t0] = 00000020
[$t1] = 00000037, [$t2] = 00000000, [$t3] = 00000000
[$t4] = 00000000, [$t5] = 00000000, [$t6] = 00000000
[$t7] = 00000000, [$t8] = 00000000, [$t9] = 00000000
Time:          48, CLK = 0, PC =        212
[$s0] = 00000037, [$s1] = 00000037, [$s2] = 00000037
[$s3] = 00000020, [$s4] = 00000000, [$s5] = 00000000
[$s6] = 00000000, [$s7] = 00000000, [$t0] = 00000020
[$t1] = 00000037, [$t2] = 00000000, [$t3] = 00000000
[$t4] = 00000000, [$t5] = 00000000, [$t6] = 00000000
[$t7] = 00000000, [$t8] = 00000000, [$t9] = 00000000
Time:          49, CLK = 1, PC =        216
[$s0] = 00000037, [$s1] = 00000037, [$s2] = 00000037
[$s3] = 00000020, [$s4] = 00000000, [$s5] = 00000000
[$s6] = 00000000, [$s7] = 00000000, [$t0] = 00000020
[$t1] = 00000037, [$t2] = 00000000, [$t3] = 00000000
[$t4] = 00000000, [$t5] = 00000000, [$t6] = 00000000
[$t7] = 00000000, [$t8] = 00000000, [$t9] = 00000000
Time:          49, CLK = 0, PC =        216
[$s0] = 00000037, [$s1] = 00000037, [$s2] = 00000037
[$s3] = 00000020, [$s4] = 00000000, [$s5] = 00000000
[$s6] = 00000000, [$s7] = 00000000, [$t0] = 00000020
[$t1] = 00000037, [$t2] = 00000000, [$t3] = 00000000
[$t4] = 00000000, [$t5] = 00000000, [$t6] = 00000000
[$t7] = 00000000, [$t8] = 00000000, [$t9] = 00000000
Time:          50, CLK = 1, PC =        220
[$s0] = 00000037, [$s1] = 00000037, [$s2] = 00000037
[$s3] = 00000020, [$s4] = 00000000, [$s5] = 00000000
[$s6] = 00000000, [$s7] = 00000000, [$t0] = 00000020
[$t1] = 00000037, [$t2] = 00000000, [$t3] = 00000000
[$t4] = 00000000, [$t5] = 00000000, [$t6] = 00000000
[$t7] = 00000000, [$t8] = 00000000, [$t9] = 00000000
Time:          50, CLK = 0, PC =        220
[$s0] = 00000037, [$s1] = 00000037, [$s2] = 00000037
[$s3] = 00000020, [$s4] = 00000000, [$s5] = 00000000
[$s6] = 00000000, [$s7] = 00000000, [$t0] = 00000020
[$t1] = 00000037, [$t2] = 00000000, [$t3] = 00000000
[$t4] = 00000000, [$t5] = 00000000, [$t6] = 00000000
[$t7] = 00000000, [$t8] = 00000000, [$t9] = 00000000
Time:          51, CLK = 1, PC =        224
[$s0] = 00000037, [$s1] = 00000037, [$s2] = 00000037
[$s3] = 00000020, [$s4] = 00000000, [$s5] = 00000000
[$s6] = 00000000, [$s7] = 00000000, [$t0] = 00000020
[$t1] = 00000037, [$t2] = 00000000, [$t3] = 00000000
[$t4] = 00000000, [$t5] = 00000000, [$t6] = 00000000
[$t7] = 00000000, [$t8] = 00000000, [$t9] = 00000000
Time:          51, CLK = 0, PC =        224
[$s0] = 00000037, [$s1] = 00000037, [$s2] = 00000037
[$s3] = 00000020, [$s4] = 00000000, [$s5] = 00000000
[$s6] = 00000000, [$s7] = 00000000, [$t0] = 00000020
[$t1] = 00000037, [$t2] = 00000000, [$t3] = 00000000
[$t4] = 00000000, [$t5] = 00000000, [$t6] = 00000000
[$t7] = 00000000, [$t8] = 00000000, [$t9] = 00000000
Time:          52, CLK = 1, PC =        228
[$s0] = 00000037, [$s1] = 00000037, [$s2] = 00000037
[$s3] = 00000020, [$s4] = 00000000, [$s5] = 00000000
[$s6] = 00000000, [$s7] = 00000000, [$t0] = 00000020
[$t1] = 00000037, [$t2] = 00000000, [$t3] = 00000000
[$t4] = 00000000, [$t5] = 00000000, [$t6] = 00000000
[$t7] = 00000000, [$t8] = 00000000, [$t9] = 00000000
Time:          52, CLK = 0, PC =        228
[$s0] = 00000037, [$s1] = 00000037, [$s2] = 00000037
[$s3] = 00000020, [$s4] = 00000000, [$s5] = 00000000
[$s6] = 00000000, [$s7] = 00000000, [$t0] = 00000020
[$t1] = 00000037, [$t2] = 00000000, [$t3] = 00000000
[$t4] = 00000000, [$t5] = 00000000, [$t6] = 00000000
[$t7] = 00000000, [$t8] = 00000000, [$t9] = 00000000
Time:          53, CLK = 1, PC =        232
[$s0] = 00000037, [$s1] = 00000037, [$s2] = 00000037
[$s3] = 00000020, [$s4] = 00000000, [$s5] = 00000000
[$s6] = 00000000, [$s7] = 00000000, [$t0] = 00000020
[$t1] = 00000037, [$t2] = 00000000, [$t3] = 00000000
[$t4] = 00000000, [$t5] = 00000000, [$t6] = 00000000
[$t7] = 00000000, [$t8] = 00000000, [$t9] = 00000000
Time:          53, CLK = 0, PC =        232
[$s0] = 00000037, [$s1] = 00000037, [$s2] = 00000037
[$s3] = 00000020, [$s4] = 00000000, [$s5] = 00000000
[$s6] = 00000000, [$s7] = 00000000, [$t0] = 00000020
[$t1] = 00000037, [$t2] = 00000000, [$t3] = 00000000
[$t4] = 00000000, [$t5] = 00000000, [$t6] = 00000000
[$t7] = 00000000, [$t8] = 00000000, [$t9] = 00000000
Time:          54, CLK = 1, PC =        236
[$s0] = 00000037, [$s1] = 00000037, [$s2] = 00000037
[$s3] = 00000020, [$s4] = 00000000, [$s5] = 00000000
[$s6] = 00000000, [$s7] = 00000000, [$t0] = 00000020
[$t1] = 00000037, [$t2] = 00000000, [$t3] = 00000000
[$t4] = 00000000, [$t5] = 00000000, [$t6] = 00000000
[$t7] = 00000000, [$t8] = 00000000, [$t9] = 00000000
Time:          54, CLK = 0, PC =        236
[$s0] = 00000037, [$s1] = 00000037, [$s2] = 00000037
[$s3] = 00000020, [$s4] = 00000000, [$s5] = 00000000
[$s6] = 00000000, [$s7] = 00000000, [$t0] = 00000020
[$t1] = 00000037, [$t2] = 00000000, [$t3] = 00000000
[$t4] = 00000000, [$t5] = 00000000, [$t6] = 00000000
[$t7] = 00000000, [$t8] = 00000000, [$t9] = 00000000
Time:          55, CLK = 1, PC =        240
[$s0] = 00000037, [$s1] = 00000037, [$s2] = 00000037
[$s3] = 00000020, [$s4] = 00000000, [$s5] = 00000000
[$s6] = 00000000, [$s7] = 00000000, [$t0] = 00000020
[$t1] = 00000037, [$t2] = 00000000, [$t3] = 00000000
[$t4] = 00000000, [$t5] = 00000000, [$t6] = 00000000
[$t7] = 00000000, [$t8] = 00000000, [$t9] = 00000000
Time:          55, CLK = 0, PC =        240
[$s0] = 00000037, [$s1] = 00000037, [$s2] = 00000037
[$s3] = 00000020, [$s4] = 00000000, [$s5] = 00000000
[$s6] = 00000000, [$s7] = 00000000, [$t0] = 00000020
[$t1] = 00000037, [$t2] = 00000000, [$t3] = 00000000
[$t4] = 00000000, [$t5] = 00000000, [$t6] = 00000000
[$t7] = 00000000, [$t8] = 00000000, [$t9] = 00000000
Time:          56, CLK = 1, PC =        244
[$s0] = 00000037, [$s1] = 00000037, [$s2] = 00000037
[$s3] = 00000020, [$s4] = 00000000, [$s5] = 00000000
[$s6] = 00000000, [$s7] = 00000000, [$t0] = 00000020
[$t1] = 00000037, [$t2] = 00000000, [$t3] = 00000000
[$t4] = 00000000, [$t5] = 00000000, [$t6] = 00000000
[$t7] = 00000000, [$t8] = 00000000, [$t9] = 00000000
Time:          56, CLK = 0, PC =        244
[$s0] = 00000037, [$s1] = 00000037, [$s2] = 00000037
[$s3] = 00000020, [$s4] = 00000000, [$s5] = 00000000
[$s6] = 00000000, [$s7] = 00000000, [$t0] = 00000020
[$t1] = 00000037, [$t2] = 00000000, [$t3] = 00000000
[$t4] = 00000000, [$t5] = 00000000, [$t6] = 00000000
[$t7] = 00000000, [$t8] = 00000000, [$t9] = 00000000
Time:          57, CLK = 1, PC =        248
[$s0] = 00000037, [$s1] = 00000037, [$s2] = 00000037
[$s3] = 00000020, [$s4] = 00000000, [$s5] = 00000000
[$s6] = 00000000, [$s7] = 00000000, [$t0] = 00000020
[$t1] = 00000037, [$t2] = 00000000, [$t3] = 00000000
[$t4] = 00000000, [$t5] = 00000000, [$t6] = 00000000
[$t7] = 00000000, [$t8] = 00000000, [$t9] = 00000000
Time:          57, CLK = 0, PC =        248
[$s0] = 00000037, [$s1] = 00000037, [$s2] = 00000037
[$s3] = 00000020, [$s4] = 00000000, [$s5] = 00000000
[$s6] = 00000000, [$s7] = 00000000, [$t0] = 00000020
[$t1] = 00000037, [$t2] = 00000000, [$t3] = 00000000
[$t4] = 00000000, [$t5] = 00000000, [$t6] = 00000000
[$t7] = 00000000, [$t8] = 00000000, [$t9] = 00000000
Time:          58, CLK = 1, PC =        252
[$s0] = 00000037, [$s1] = 00000037, [$s2] = 00000037
[$s3] = 00000020, [$s4] = 00000000, [$s5] = 00000000
[$s6] = 00000000, [$s7] = 00000000, [$t0] = 00000020
[$t1] = 00000037, [$t2] = 00000000, [$t3] = 00000000
[$t4] = 00000000, [$t5] = 00000000, [$t6] = 00000000
[$t7] = 00000000, [$t8] = 00000000, [$t9] = 00000000
Time:          58, CLK = 0, PC =        252
[$s0] = 00000037, [$s1] = 00000037, [$s2] = 00000037
[$s3] = 00000020, [$s4] = 00000000, [$s5] = 00000000
[$s6] = 00000000, [$s7] = 00000000, [$t0] = 00000020
[$t1] = 00000037, [$t2] = 00000000, [$t3] = 00000000
[$t4] = 00000000, [$t5] = 00000000, [$t6] = 00000000
[$t7] = 00000000, [$t8] = 00000000, [$t9] = 00000000
Time:          59, CLK = 1, PC =        256
[$s0] = 00000037, [$s1] = 00000037, [$s2] = 00000037
[$s3] = 00000020, [$s4] = 00000000, [$s5] = 00000000
[$s6] = 00000000, [$s7] = 00000000, [$t0] = 00000020
[$t1] = 00000037, [$t2] = 00000000, [$t3] = 00000000
[$t4] = 00000000, [$t5] = 00000000, [$t6] = 00000000
[$t7] = 00000000, [$t8] = 00000000, [$t9] = 00000000
Time:          59, CLK = 0, PC =        256
[$s0] = 00000037, [$s1] = 00000037, [$s2] = 00000037
[$s3] = 00000020, [$s4] = 00000000, [$s5] = 00000000
[$s6] = 00000000, [$s7] = 00000000, [$t0] = 00000020
[$t1] = 00000037, [$t2] = 00000000, [$t3] = 00000000
[$t4] = 00000000, [$t5] = 00000000, [$t6] = 00000000
[$t7] = 00000000, [$t8] = 00000000, [$t9] = 00000000
Time:          60, CLK = 1, PC =        260
[$s0] = 00000037, [$s1] = 00000037, [$s2] = 00000037
[$s3] = 00000020, [$s4] = 00000000, [$s5] = 00000000
[$s6] = 00000000, [$s7] = 00000000, [$t0] = 00000020
[$t1] = 00000037, [$t2] = 00000000, [$t3] = 00000000
[$t4] = 00000000, [$t5] = 00000000, [$t6] = 00000000
[$t7] = 00000000, [$t8] = 00000000, [$t9] = 00000000
Time:          60, CLK = 0, PC =        260
[$s0] = 00000037, [$s1] = 00000037, [$s2] = 00000037
[$s3] = 00000020, [$s4] = 00000000, [$s5] = 00000000
[$s6] = 00000000, [$s7] = 00000000, [$t0] = 00000020
[$t1] = 00000037, [$t2] = 00000000, [$t3] = 00000000
[$t4] = 00000000, [$t5] = 00000000, [$t6] = 00000000
[$t7] = 00000000, [$t8] = 00000000, [$t9] = 00000000
Time:          61, CLK = 1, PC =        264
[$s0] = 00000037, [$s1] = 00000037, [$s2] = 00000037
[$s3] = 00000020, [$s4] = 00000000, [$s5] = 00000000
[$s6] = 00000000, [$s7] = 00000000, [$t0] = 00000020
[$t1] = 00000037, [$t2] = 00000000, [$t3] = 00000000
[$t4] = 00000000, [$t5] = 00000000, [$t6] = 00000000
[$t7] = 00000000, [$t8] = 00000000, [$t9] = 00000000
Time:          61, CLK = 0, PC =        264
[$s0] = 00000037, [$s1] = 00000037, [$s2] = 00000037
[$s3] = 00000020, [$s4] = 00000000, [$s5] = 00000000
[$s6] = 00000000, [$s7] = 00000000, [$t0] = 00000020
[$t1] = 00000037, [$t2] = 00000000, [$t3] = 00000000
[$t4] = 00000000, [$t5] = 00000000, [$t6] = 00000000
[$t7] = 00000000, [$t8] = 00000000, [$t9] = 00000000
Time:          62, CLK = 1, PC =        268
[$s0] = 00000037, [$s1] = 00000037, [$s2] = 00000037
[$s3] = 00000020, [$s4] = 00000000, [$s5] = 00000000
[$s6] = 00000000, [$s7] = 00000000, [$t0] = 00000020
[$t1] = 00000037, [$t2] = 00000000, [$t3] = 00000000
[$t4] = 00000000, [$t5] = 00000000, [$t6] = 00000000
[$t7] = 00000000, [$t8] = 00000000, [$t9] = 00000000
Time:          62, CLK = 0, PC =        268
[$s0] = 00000037, [$s1] = 00000037, [$s2] = 00000037
[$s3] = 00000020, [$s4] = 00000000, [$s5] = 00000000
[$s6] = 00000000, [$s7] = 00000000, [$t0] = 00000020
[$t1] = 00000037, [$t2] = 00000000, [$t3] = 00000000
[$t4] = 00000000, [$t5] = 00000000, [$t6] = 00000000
[$t7] = 00000000, [$t8] = 00000000, [$t9] = 00000000
Time:          63, CLK = 1, PC =        272
[$s0] = 00000037, [$s1] = 00000037, [$s2] = 00000037
[$s3] = 00000020, [$s4] = 00000000, [$s5] = 00000000
[$s6] = 00000000, [$s7] = 00000000, [$t0] = 00000020
[$t1] = 00000037, [$t2] = 00000000, [$t3] = 00000000
[$t4] = 00000000, [$t5] = 00000000, [$t6] = 00000000
[$t7] = 00000000, [$t8] = 00000000, [$t9] = 00000000
Time:          63, CLK = 0, PC =        272
[$s0] = 00000037, [$s1] = 00000037, [$s2] = 00000037
[$s3] = 00000020, [$s4] = 00000000, [$s5] = 00000000
[$s6] = 00000000, [$s7] = 00000000, [$t0] = 00000020
[$t1] = 00000037, [$t2] = 00000000, [$t3] = 00000000
[$t4] = 00000000, [$t5] = 00000000, [$t6] = 00000000
[$t7] = 00000000, [$t8] = 00000000, [$t9] = 00000000
Time:          64, CLK = 1, PC =        276
[$s0] = 00000037, [$s1] = 00000037, [$s2] = 00000037
[$s3] = 00000020, [$s4] = 00000000, [$s5] = 00000000
[$s6] = 00000000, [$s7] = 00000000, [$t0] = 00000020
[$t1] = 00000037, [$t2] = 00000000, [$t3] = 00000000
[$t4] = 00000000, [$t5] = 00000000, [$t6] = 00000000
[$t7] = 00000000, [$t8] = 00000000, [$t9] = 00000000
Time:          64, CLK = 0, PC =        276
[$s0] = 00000037, [$s1] = 00000037, [$s2] = 00000037
[$s3] = 00000020, [$s4] = 00000000, [$s5] = 00000000
[$s6] = 00000000, [$s7] = 00000000, [$t0] = 00000020
[$t1] = 00000037, [$t2] = 00000000, [$t3] = 00000000
[$t4] = 00000000, [$t5] = 00000000, [$t6] = 00000000
[$t7] = 00000000, [$t8] = 00000000, [$t9] = 00000000
Time:          65, CLK = 1, PC =        280
[$s0] = 00000037, [$s1] = 00000037, [$s2] = 00000037
[$s3] = 00000020, [$s4] = 00000000, [$s5] = 00000000
[$s6] = 00000000, [$s7] = 00000000, [$t0] = 00000020
[$t1] = 00000037, [$t2] = 00000000, [$t3] = 00000000
[$t4] = 00000000, [$t5] = 00000000, [$t6] = 00000000
[$t7] = 00000000, [$t8] = 00000000, [$t9] = 00000000
Time:          65, CLK = 0, PC =        280
[$s0] = 00000037, [$s1] = 00000037, [$s2] = 00000037
[$s3] = 00000020, [$s4] = 00000000, [$s5] = 00000000
[$s6] = 00000000, [$s7] = 00000000, [$t0] = 00000020
[$t1] = 00000037, [$t2] = 00000000, [$t3] = 00000000
[$t4] = 00000000, [$t5] = 00000000, [$t6] = 00000000
[$t7] = 00000000, [$t8] = 00000000, [$t9] = 00000000
Time:          66, CLK = 1, PC =        284
[$s0] = 00000037, [$s1] = 00000037, [$s2] = 00000037
[$s3] = 00000020, [$s4] = 00000000, [$s5] = 00000000
[$s6] = 00000000, [$s7] = 00000000, [$t0] = 00000020
[$t1] = 00000037, [$t2] = 00000000, [$t3] = 00000000
[$t4] = 00000000, [$t5] = 00000000, [$t6] = 00000000
[$t7] = 00000000, [$t8] = 00000000, [$t9] = 00000000
Time:          66, CLK = 0, PC =        284
[$s0] = 00000037, [$s1] = 00000037, [$s2] = 00000037
[$s3] = 00000020, [$s4] = 00000000, [$s5] = 00000000
[$s6] = 00000000, [$s7] = 00000000, [$t0] = 00000020
[$t1] = 00000037, [$t2] = 00000000, [$t3] = 00000000
[$t4] = 00000000, [$t5] = 00000000, [$t6] = 00000000
[$t7] = 00000000, [$t8] = 00000000, [$t9] = 00000000
Time:          67, CLK = 1, PC =        288
[$s0] = 00000037, [$s1] = 00000037, [$s2] = 00000037
[$s3] = 00000020, [$s4] = 00000000, [$s5] = 00000000
[$s6] = 00000000, [$s7] = 00000000, [$t0] = 00000020
[$t1] = 00000037, [$t2] = 00000000, [$t3] = 00000000
[$t4] = 00000000, [$t5] = 00000000, [$t6] = 00000000
[$t7] = 00000000, [$t8] = 00000000, [$t9] = 00000000
Time:          67, CLK = 0, PC =        288
[$s0] = 00000037, [$s1] = 00000037, [$s2] = 00000037
[$s3] = 00000020, [$s4] = 00000000, [$s5] = 00000000
[$s6] = 00000000, [$s7] = 00000000, [$t0] = 00000020
[$t1] = 00000037, [$t2] = 00000000, [$t3] = 00000000
[$t4] = 00000000, [$t5] = 00000000, [$t6] = 00000000
[$t7] = 00000000, [$t8] = 00000000, [$t9] = 00000000
Time:          68, CLK = 1, PC =        292
[$s0] = 00000037, [$s1] = 00000037, [$s2] = 00000037
[$s3] = 00000020, [$s4] = 00000000, [$s5] = 00000000
[$s6] = 00000000, [$s7] = 00000000, [$t0] = 00000020
[$t1] = 00000037, [$t2] = 00000000, [$t3] = 00000000
[$t4] = 00000000, [$t5] = 00000000, [$t6] = 00000000
[$t7] = 00000000, [$t8] = 00000000, [$t9] = 00000000
Time:          68, CLK = 0, PC =        292
[$s0] = 00000037, [$s1] = 00000037, [$s2] = 00000037
[$s3] = 00000020, [$s4] = 00000000, [$s5] = 00000000
[$s6] = 00000000, [$s7] = 00000000, [$t0] = 00000020
[$t1] = 00000037, [$t2] = 00000000, [$t3] = 00000000
[$t4] = 00000000, [$t5] = 00000000, [$t6] = 00000000
[$t7] = 00000000, [$t8] = 00000000, [$t9] = 00000000
Time:          69, CLK = 1, PC =        296
[$s0] = 00000037, [$s1] = 00000037, [$s2] = 00000037
[$s3] = 00000020, [$s4] = 00000000, [$s5] = 00000000
[$s6] = 00000000, [$s7] = 00000000, [$t0] = 00000020
[$t1] = 00000037, [$t2] = 00000000, [$t3] = 00000000
[$t4] = 00000000, [$t5] = 00000000, [$t6] = 00000000
[$t7] = 00000000, [$t8] = 00000000, [$t9] = 00000000
Time:          69, CLK = 0, PC =        296
[$s0] = 00000037, [$s1] = 00000037, [$s2] = 00000037
[$s3] = 00000020, [$s4] = 00000000, [$s5] = 00000000
[$s6] = 00000000, [$s7] = 00000000, [$t0] = 00000020
[$t1] = 00000037, [$t2] = 00000000, [$t3] = 00000000
[$t4] = 00000000, [$t5] = 00000000, [$t6] = 00000000
[$t7] = 00000000, [$t8] = 00000000, [$t9] = 00000000
Time:          70, CLK = 1, PC =        300
[$s0] = 00000037, [$s1] = 00000037, [$s2] = 00000037
[$s3] = 00000020, [$s4] = 00000000, [$s5] = 00000000
[$s6] = 00000000, [$s7] = 00000000, [$t0] = 00000020
[$t1] = 00000037, [$t2] = 00000000, [$t3] = 00000000
[$t4] = 00000000, [$t5] = 00000000, [$t6] = 00000000
[$t7] = 00000000, [$t8] = 00000000, [$t9] = 00000000
Time:          70, CLK = 0, PC =        300
[$s0] = 00000037, [$s1] = 00000037, [$s2] = 00000037
[$s3] = 00000020, [$s4] = 00000000, [$s5] = 00000000
[$s6] = 00000000, [$s7] = 00000000, [$t0] = 00000020
[$t1] = 00000037, [$t2] = 00000000, [$t3] = 00000000
[$t4] = 00000000, [$t5] = 00000000, [$t6] = 00000000
[$t7] = 00000000, [$t8] = 00000000, [$t9] = 00000000
Time:          71, CLK = 1, PC =        304
[$s0] = 00000037, [$s1] = 00000037, [$s2] = 00000037
[$s3] = 00000020, [$s4] = 00000000, [$s5] = 00000000
[$s6] = 00000000, [$s7] = 00000000, [$t0] = 00000020
[$t1] = 00000037, [$t2] = 00000000, [$t3] = 00000000
[$t4] = 00000000, [$t5] = 00000000, [$t6] = 00000000
[$t7] = 00000000, [$t8] = 00000000, [$t9] = 00000000
Time:          71, CLK = 0, PC =        304
[$s0] = 00000037, [$s1] = 00000037, [$s2] = 00000037
[$s3] = 00000020, [$s4] = 00000000, [$s5] = 00000000
[$s6] = 00000000, [$s7] = 00000000, [$t0] = 00000020
[$t1] = 00000037, [$t2] = 00000000, [$t3] = 00000000
[$t4] = 00000000, [$t5] = 00000000, [$t6] = 00000000
[$t7] = 00000000, [$t8] = 00000000, [$t9] = 00000000
Time:          72, CLK = 1, PC =        308
[$s0] = 00000037, [$s1] = 00000037, [$s2] = 00000037
[$s3] = 00000020, [$s4] = 00000000, [$s5] = 00000000
[$s6] = 00000000, [$s7] = 00000000, [$t0] = 00000020
[$t1] = 00000037, [$t2] = 00000000, [$t3] = 00000000
[$t4] = 00000000, [$t5] = 00000000, [$t6] = 00000000
[$t7] = 00000000, [$t8] = 00000000, [$t9] = 00000000
Time:          72, CLK = 0, PC =        308
[$s0] = 00000037, [$s1] = 00000037, [$s2] = 00000037
[$s3] = 00000020, [$s4] = 00000000, [$s5] = 00000000
[$s6] = 00000000, [$s7] = 00000000, [$t0] = 00000020
[$t1] = 00000037, [$t2] = 00000000, [$t3] = 00000000
[$t4] = 00000000, [$t5] = 00000000, [$t6] = 00000000
[$t7] = 00000000, [$t8] = 00000000, [$t9] = 00000000
Time:          73, CLK = 1, PC =        312
[$s0] = 00000037, [$s1] = 00000037, [$s2] = 00000037
[$s3] = 00000020, [$s4] = 00000000, [$s5] = 00000000
[$s6] = 00000000, [$s7] = 00000000, [$t0] = 00000020
[$t1] = 00000037, [$t2] = 00000000, [$t3] = 00000000
[$t4] = 00000000, [$t5] = 00000000, [$t6] = 00000000
[$t7] = 00000000, [$t8] = 00000000, [$t9] = 00000000
Time:          73, CLK = 0, PC =        312
[$s0] = 00000037, [$s1] = 00000037, [$s2] = 00000037
[$s3] = 00000020, [$s4] = 00000000, [$s5] = 00000000
[$s6] = 00000000, [$s7] = 00000000, [$t0] = 00000020
[$t1] = 00000037, [$t2] = 00000000, [$t3] = 00000000
[$t4] = 00000000, [$t5] = 00000000, [$t6] = 00000000
[$t7] = 00000000, [$t8] = 00000000, [$t9] = 00000000
Time:          74, CLK = 1, PC =        316
[$s0] = 00000037, [$s1] = 00000037, [$s2] = 00000037
[$s3] = 00000020, [$s4] = 00000000, [$s5] = 00000000
[$s6] = 00000000, [$s7] = 00000000, [$t0] = 00000020
[$t1] = 00000037, [$t2] = 00000000, [$t3] = 00000000
[$t4] = 00000000, [$t5] = 00000000, [$t6] = 00000000
[$t7] = 00000000, [$t8] = 00000000, [$t9] = 00000000
Time:          74, CLK = 0, PC =        316
[$s0] = 00000037, [$s1] = 00000037, [$s2] = 00000037
[$s3] = 00000020, [$s4] = 00000000, [$s5] = 00000000
[$s6] = 00000000, [$s7] = 00000000, [$t0] = 00000020
[$t1] = 00000037, [$t2] = 00000000, [$t3] = 00000000
[$t4] = 00000000, [$t5] = 00000000, [$t6] = 00000000
[$t7] = 00000000, [$t8] = 00000000, [$t9] = 00000000
Time:          75, CLK = 1, PC =        320
[$s0] = 00000037, [$s1] = 00000037, [$s2] = 00000037
[$s3] = 00000020, [$s4] = 00000000, [$s5] = 00000000
[$s6] = 00000000, [$s7] = 00000000, [$t0] = 00000020
[$t1] = 00000037, [$t2] = 00000000, [$t3] = 00000000
[$t4] = 00000000, [$t5] = 00000000, [$t6] = 00000000
[$t7] = 00000000, [$t8] = 00000000, [$t9] = 00000000
Time:          75, CLK = 0, PC =        320
[$s0] = 00000037, [$s1] = 00000037, [$s2] = 00000037
[$s3] = 00000020, [$s4] = 00000000, [$s5] = 00000000
[$s6] = 00000000, [$s7] = 00000000, [$t0] = 00000020
[$t1] = 00000037, [$t2] = 00000000, [$t3] = 00000000
[$t4] = 00000000, [$t5] = 00000000, [$t6] = 00000000
[$t7] = 00000000, [$t8] = 00000000, [$t9] = 00000000
Time:          76, CLK = 1, PC =        324
[$s0] = 00000037, [$s1] = 00000037, [$s2] = 00000037
[$s3] = 00000020, [$s4] = 00000000, [$s5] = 00000000
[$s6] = 00000000, [$s7] = 00000000, [$t0] = 00000020
[$t1] = 00000037, [$t2] = 00000000, [$t3] = 00000000
[$t4] = 00000000, [$t5] = 00000000, [$t6] = 00000000
[$t7] = 00000000, [$t8] = 00000000, [$t9] = 00000000
Time:          76, CLK = 0, PC =        324
[$s0] = 00000037, [$s1] = 00000037, [$s2] = 00000037
[$s3] = 00000020, [$s4] = 00000000, [$s5] = 00000000
[$s6] = 00000000, [$s7] = 00000000, [$t0] = 00000020
[$t1] = 00000037, [$t2] = 00000000, [$t3] = 00000000
[$t4] = 00000000, [$t5] = 00000000, [$t6] = 00000000
[$t7] = 00000000, [$t8] = 00000000, [$t9] = 00000000
Time:          77, CLK = 1, PC =        328
[$s0] = 00000037, [$s1] = 00000037, [$s2] = 00000037
[$s3] = 00000020, [$s4] = 00000000, [$s5] = 00000000
[$s6] = 00000000, [$s7] = 00000000, [$t0] = 00000020
[$t1] = 00000037, [$t2] = 00000000, [$t3] = 00000000
[$t4] = 00000000, [$t5] = 00000000, [$t6] = 00000000
[$t7] = 00000000, [$t8] = 00000000, [$t9] = 00000000
Time:          77, CLK = 0, PC =        328
[$s0] = 00000037, [$s1] = 00000037, [$s2] = 00000037
[$s3] = 00000020, [$s4] = 00000000, [$s5] = 00000000
[$s6] = 00000000, [$s7] = 00000000, [$t0] = 00000020
[$t1] = 00000037, [$t2] = 00000000, [$t3] = 00000000
[$t4] = 00000000, [$t5] = 00000000, [$t6] = 00000000
[$t7] = 00000000, [$t8] = 00000000, [$t9] = 00000000
Time:          78, CLK = 1, PC =        332
[$s0] = 00000037, [$s1] = 00000037, [$s2] = 00000037
[$s3] = 00000020, [$s4] = 00000000, [$s5] = 00000000
[$s6] = 00000000, [$s7] = 00000000, [$t0] = 00000020
[$t1] = 00000037, [$t2] = 00000000, [$t3] = 00000000
[$t4] = 00000000, [$t5] = 00000000, [$t6] = 00000000
[$t7] = 00000000, [$t8] = 00000000, [$t9] = 00000000
Time:          78, CLK = 0, PC =        332
[$s0] = 00000037, [$s1] = 00000037, [$s2] = 00000037
[$s3] = 00000020, [$s4] = 00000000, [$s5] = 00000000
[$s6] = 00000000, [$s7] = 00000000, [$t0] = 00000020
[$t1] = 00000037, [$t2] = 00000000, [$t3] = 00000000
[$t4] = 00000000, [$t5] = 00000000, [$t6] = 00000000
[$t7] = 00000000, [$t8] = 00000000, [$t9] = 00000000
Time:          79, CLK = 1, PC =        336
[$s0] = 00000037, [$s1] = 00000037, [$s2] = 00000037
[$s3] = 00000020, [$s4] = 00000000, [$s5] = 00000000
[$s6] = 00000000, [$s7] = 00000000, [$t0] = 00000020
[$t1] = 00000037, [$t2] = 00000000, [$t3] = 00000000
[$t4] = 00000000, [$t5] = 00000000, [$t6] = 00000000
[$t7] = 00000000, [$t8] = 00000000, [$t9] = 00000000
Time:          79, CLK = 0, PC =        336
[$s0] = 00000037, [$s1] = 00000037, [$s2] = 00000037
[$s3] = 00000020, [$s4] = 00000000, [$s5] = 00000000
[$s6] = 00000000, [$s7] = 00000000, [$t0] = 00000020
[$t1] = 00000037, [$t2] = 00000000, [$t3] = 00000000
[$t4] = 00000000, [$t5] = 00000000, [$t6] = 00000000
[$t7] = 00000000, [$t8] = 00000000, [$t9] = 00000000
Time:          80, CLK = 1, PC =        340
[$s0] = 00000037, [$s1] = 00000037, [$s2] = 00000037
[$s3] = 00000020, [$s4] = 00000000, [$s5] = 00000000
[$s6] = 00000000, [$s7] = 00000000, [$t0] = 00000020
[$t1] = 00000037, [$t2] = 00000000, [$t3] = 00000000
[$t4] = 00000000, [$t5] = 00000000, [$t6] = 00000000
[$t7] = 00000000, [$t8] = 00000000, [$t9] = 00000000
Time:          80, CLK = 0, PC =        340
[$s0] = 00000037, [$s1] = 00000037, [$s2] = 00000037
[$s3] = 00000020, [$s4] = 00000000, [$s5] = 00000000
[$s6] = 00000000, [$s7] = 00000000, [$t0] = 00000020
[$t1] = 00000037, [$t2] = 00000000, [$t3] = 00000000
[$t4] = 00000000, [$t5] = 00000000, [$t6] = 00000000
[$t7] = 00000000, [$t8] = 00000000, [$t9] = 00000000
Time:          81, CLK = 1, PC =        344
[$s0] = 00000037, [$s1] = 00000037, [$s2] = 00000037
[$s3] = 00000020, [$s4] = 00000000, [$s5] = 00000000
[$s6] = 00000000, [$s7] = 00000000, [$t0] = 00000020
[$t1] = 00000037, [$t2] = 00000000, [$t3] = 00000000
[$t4] = 00000000, [$t5] = 00000000, [$t6] = 00000000
[$t7] = 00000000, [$t8] = 00000000, [$t9] = 00000000
Time:          81, CLK = 0, PC =        344
[$s0] = 00000037, [$s1] = 00000037, [$s2] = 00000037
[$s3] = 00000020, [$s4] = 00000000, [$s5] = 00000000
[$s6] = 00000000, [$s7] = 00000000, [$t0] = 00000020
[$t1] = 00000037, [$t2] = 00000000, [$t3] = 00000000
[$t4] = 00000000, [$t5] = 00000000, [$t6] = 00000000
[$t7] = 00000000, [$t8] = 00000000, [$t9] = 00000000
Time:          82, CLK = 1, PC =        348
[$s0] = 00000037, [$s1] = 00000037, [$s2] = 00000037
[$s3] = 00000020, [$s4] = 00000000, [$s5] = 00000000
[$s6] = 00000000, [$s7] = 00000000, [$t0] = 00000020
[$t1] = 00000037, [$t2] = 00000000, [$t3] = 00000000
[$t4] = 00000000, [$t5] = 00000000, [$t6] = 00000000
[$t7] = 00000000, [$t8] = 00000000, [$t9] = 00000000
Time:          82, CLK = 0, PC =        348
[$s0] = 00000037, [$s1] = 00000037, [$s2] = 00000037
[$s3] = 00000020, [$s4] = 00000000, [$s5] = 00000000
[$s6] = 00000000, [$s7] = 00000000, [$t0] = 00000020
[$t1] = 00000037, [$t2] = 00000000, [$t3] = 00000000
[$t4] = 00000000, [$t5] = 00000000, [$t6] = 00000000
[$t7] = 00000000, [$t8] = 00000000, [$t9] = 00000000
Time:          83, CLK = 1, PC =        352
[$s0] = 00000037, [$s1] = 00000037, [$s2] = 00000037
[$s3] = 00000020, [$s4] = 00000000, [$s5] = 00000000
[$s6] = 00000000, [$s7] = 00000000, [$t0] = 00000020
[$t1] = 00000037, [$t2] = 00000000, [$t3] = 00000000
[$t4] = 00000000, [$t5] = 00000000, [$t6] = 00000000
[$t7] = 00000000, [$t8] = 00000000, [$t9] = 00000000
Time:          83, CLK = 0, PC =        352
[$s0] = 00000037, [$s1] = 00000037, [$s2] = 00000037
[$s3] = 00000020, [$s4] = 00000000, [$s5] = 00000000
[$s6] = 00000000, [$s7] = 00000000, [$t0] = 00000020
[$t1] = 00000037, [$t2] = 00000000, [$t3] = 00000000
[$t4] = 00000000, [$t5] = 00000000, [$t6] = 00000000
[$t7] = 00000000, [$t8] = 00000000, [$t9] = 00000000
Time:          84, CLK = 1, PC =        356
[$s0] = 00000037, [$s1] = 00000037, [$s2] = 00000037
[$s3] = 00000020, [$s4] = 00000000, [$s5] = 00000000
[$s6] = 00000000, [$s7] = 00000000, [$t0] = 00000020
[$t1] = 00000037, [$t2] = 00000000, [$t3] = 00000000
[$t4] = 00000000, [$t5] = 00000000, [$t6] = 00000000
[$t7] = 00000000, [$t8] = 00000000, [$t9] = 00000000
Time:          84, CLK = 0, PC =        356
[$s0] = 00000037, [$s1] = 00000037, [$s2] = 00000037
[$s3] = 00000020, [$s4] = 00000000, [$s5] = 00000000
[$s6] = 00000000, [$s7] = 00000000, [$t0] = 00000020
[$t1] = 00000037, [$t2] = 00000000, [$t3] = 00000000
[$t4] = 00000000, [$t5] = 00000000, [$t6] = 00000000
[$t7] = 00000000, [$t8] = 00000000, [$t9] = 00000000
Time:          85, CLK = 1, PC =        360
[$s0] = 00000037, [$s1] = 00000037, [$s2] = 00000037
[$s3] = 00000020, [$s4] = 00000000, [$s5] = 00000000
[$s6] = 00000000, [$s7] = 00000000, [$t0] = 00000020
[$t1] = 00000037, [$t2] = 00000000, [$t3] = 00000000
[$t4] = 00000000, [$t5] = 00000000, [$t6] = 00000000
[$t7] = 00000000, [$t8] = 00000000, [$t9] = 00000000
Time:          85, CLK = 0, PC =        360
[$s0] = 00000037, [$s1] = 00000037, [$s2] = 00000037
[$s3] = 00000020, [$s4] = 00000000, [$s5] = 00000000
[$s6] = 00000000, [$s7] = 00000000, [$t0] = 00000020
[$t1] = 00000037, [$t2] = 00000000, [$t3] = 00000000
[$t4] = 00000000, [$t5] = 00000000, [$t6] = 00000000
[$t7] = 00000000, [$t8] = 00000000, [$t9] = 00000000
Time:          86, CLK = 1, PC =        364
[$s0] = 00000037, [$s1] = 00000037, [$s2] = 00000037
[$s3] = 00000020, [$s4] = 00000000, [$s5] = 00000000
[$s6] = 00000000, [$s7] = 00000000, [$t0] = 00000020
[$t1] = 00000037, [$t2] = 00000000, [$t3] = 00000000
[$t4] = 00000000, [$t5] = 00000000, [$t6] = 00000000
[$t7] = 00000000, [$t8] = 00000000, [$t9] = 00000000
Time:          86, CLK = 0, PC =        364
[$s0] = 00000037, [$s1] = 00000037, [$s2] = 00000037
[$s3] = 00000020, [$s4] = 00000000, [$s5] = 00000000
[$s6] = 00000000, [$s7] = 00000000, [$t0] = 00000020
[$t1] = 00000037, [$t2] = 00000000, [$t3] = 00000000
[$t4] = 00000000, [$t5] = 00000000, [$t6] = 00000000
[$t7] = 00000000, [$t8] = 00000000, [$t9] = 00000000
Time:          87, CLK = 1, PC =        368
[$s0] = 00000037, [$s1] = 00000037, [$s2] = 00000037
[$s3] = 00000020, [$s4] = 00000000, [$s5] = 00000000
[$s6] = 00000000, [$s7] = 00000000, [$t0] = 00000020
[$t1] = 00000037, [$t2] = 00000000, [$t3] = 00000000
[$t4] = 00000000, [$t5] = 00000000, [$t6] = 00000000
[$t7] = 00000000, [$t8] = 00000000, [$t9] = 00000000
Time:          87, CLK = 0, PC =        368
[$s0] = 00000037, [$s1] = 00000037, [$s2] = 00000037
[$s3] = 00000020, [$s4] = 00000000, [$s5] = 00000000
[$s6] = 00000000, [$s7] = 00000000, [$t0] = 00000020
[$t1] = 00000037, [$t2] = 00000000, [$t3] = 00000000
[$t4] = 00000000, [$t5] = 00000000, [$t6] = 00000000
[$t7] = 00000000, [$t8] = 00000000, [$t9] = 00000000
Time:          88, CLK = 1, PC =        372
[$s0] = 00000037, [$s1] = 00000037, [$s2] = 00000037
[$s3] = 00000020, [$s4] = 00000000, [$s5] = 00000000
[$s6] = 00000000, [$s7] = 00000000, [$t0] = 00000020
[$t1] = 00000037, [$t2] = 00000000, [$t3] = 00000000
[$t4] = 00000000, [$t5] = 00000000, [$t6] = 00000000
[$t7] = 00000000, [$t8] = 00000000, [$t9] = 00000000
Time:          88, CLK = 0, PC =        372
[$s0] = 00000037, [$s1] = 00000037, [$s2] = 00000037
[$s3] = 00000020, [$s4] = 00000000, [$s5] = 00000000
[$s6] = 00000000, [$s7] = 00000000, [$t0] = 00000020
[$t1] = 00000037, [$t2] = 00000000, [$t3] = 00000000
[$t4] = 00000000, [$t5] = 00000000, [$t6] = 00000000
[$t7] = 00000000, [$t8] = 00000000, [$t9] = 00000000
Time:          89, CLK = 1, PC =        376
[$s0] = 00000037, [$s1] = 00000037, [$s2] = 00000037
[$s3] = 00000020, [$s4] = 00000000, [$s5] = 00000000
[$s6] = 00000000, [$s7] = 00000000, [$t0] = 00000020
[$t1] = 00000037, [$t2] = 00000000, [$t3] = 00000000
[$t4] = 00000000, [$t5] = 00000000, [$t6] = 00000000
[$t7] = 00000000, [$t8] = 00000000, [$t9] = 00000000
Time:          89, CLK = 0, PC =        376
[$s0] = 00000037, [$s1] = 00000037, [$s2] = 00000037
[$s3] = 00000020, [$s4] = 00000000, [$s5] = 00000000
[$s6] = 00000000, [$s7] = 00000000, [$t0] = 00000020
[$t1] = 00000037, [$t2] = 00000000, [$t3] = 00000000
[$t4] = 00000000, [$t5] = 00000000, [$t6] = 00000000
[$t7] = 00000000, [$t8] = 00000000, [$t9] = 00000000
Time:          90, CLK = 1, PC =        380
[$s0] = 00000037, [$s1] = 00000037, [$s2] = 00000037
[$s3] = 00000020, [$s4] = 00000000, [$s5] = 00000000
[$s6] = 00000000, [$s7] = 00000000, [$t0] = 00000020
[$t1] = 00000037, [$t2] = 00000000, [$t3] = 00000000
[$t4] = 00000000, [$t5] = 00000000, [$t6] = 00000000
[$t7] = 00000000, [$t8] = 00000000, [$t9] = 00000000
Time:          90, CLK = 0, PC =        380
[$s0] = 00000037, [$s1] = 00000037, [$s2] = 00000037
[$s3] = 00000020, [$s4] = 00000000, [$s5] = 00000000
[$s6] = 00000000, [$s7] = 00000000, [$t0] = 00000020
[$t1] = 00000037, [$t2] = 00000000, [$t3] = 00000000
[$t4] = 00000000, [$t5] = 00000000, [$t6] = 00000000
[$t7] = 00000000, [$t8] = 00000000, [$t9] = 00000000
Time:          91, CLK = 1, PC =        384
[$s0] = 00000037, [$s1] = 00000037, [$s2] = 00000037
[$s3] = 00000020, [$s4] = 00000000, [$s5] = 00000000
[$s6] = 00000000, [$s7] = 00000000, [$t0] = 00000020
[$t1] = 00000037, [$t2] = 00000000, [$t3] = 00000000
[$t4] = 00000000, [$t5] = 00000000, [$t6] = 00000000
[$t7] = 00000000, [$t8] = 00000000, [$t9] = 00000000
Time:          91, CLK = 0, PC =        384
[$s0] = 00000037, [$s1] = 00000037, [$s2] = 00000037
[$s3] = 00000020, [$s4] = 00000000, [$s5] = 00000000
[$s6] = 00000000, [$s7] = 00000000, [$t0] = 00000020
[$t1] = 00000037, [$t2] = 00000000, [$t3] = 00000000
[$t4] = 00000000, [$t5] = 00000000, [$t6] = 00000000
[$t7] = 00000000, [$t8] = 00000000, [$t9] = 00000000
Time:          92, CLK = 1, PC =        388
[$s0] = 00000037, [$s1] = 00000037, [$s2] = 00000037
[$s3] = 00000020, [$s4] = 00000000, [$s5] = 00000000
[$s6] = 00000000, [$s7] = 00000000, [$t0] = 00000020
[$t1] = 00000037, [$t2] = 00000000, [$t3] = 00000000
[$t4] = 00000000, [$t5] = 00000000, [$t6] = 00000000
[$t7] = 00000000, [$t8] = 00000000, [$t9] = 00000000
Time:          92, CLK = 0, PC =        388
[$s0] = 00000037, [$s1] = 00000037, [$s2] = 00000037
[$s3] = 00000020, [$s4] = 00000000, [$s5] = 00000000
[$s6] = 00000000, [$s7] = 00000000, [$t0] = 00000020
[$t1] = 00000037, [$t2] = 00000000, [$t3] = 00000000
[$t4] = 00000000, [$t5] = 00000000, [$t6] = 00000000
[$t7] = 00000000, [$t8] = 00000000, [$t9] = 00000000
Time:          93, CLK = 1, PC =        392
[$s0] = 00000037, [$s1] = 00000037, [$s2] = 00000037
[$s3] = 00000020, [$s4] = 00000000, [$s5] = 00000000
[$s6] = 00000000, [$s7] = 00000000, [$t0] = 00000020
[$t1] = 00000037, [$t2] = 00000000, [$t3] = 00000000
[$t4] = 00000000, [$t5] = 00000000, [$t6] = 00000000
[$t7] = 00000000, [$t8] = 00000000, [$t9] = 00000000
Time:          93, CLK = 0, PC =        392
[$s0] = 00000037, [$s1] = 00000037, [$s2] = 00000037
[$s3] = 00000020, [$s4] = 00000000, [$s5] = 00000000
[$s6] = 00000000, [$s7] = 00000000, [$t0] = 00000020
[$t1] = 00000037, [$t2] = 00000000, [$t3] = 00000000
[$t4] = 00000000, [$t5] = 00000000, [$t6] = 00000000
[$t7] = 00000000, [$t8] = 00000000, [$t9] = 00000000
Time:          94, CLK = 1, PC =        396
[$s0] = 00000037, [$s1] = 00000037, [$s2] = 00000037
[$s3] = 00000020, [$s4] = 00000000, [$s5] = 00000000
[$s6] = 00000000, [$s7] = 00000000, [$t0] = 00000020
[$t1] = 00000037, [$t2] = 00000000, [$t3] = 00000000
[$t4] = 00000000, [$t5] = 00000000, [$t6] = 00000000
[$t7] = 00000000, [$t8] = 00000000, [$t9] = 00000000
Time:          94, CLK = 0, PC =        396
[$s0] = 00000037, [$s1] = 00000037, [$s2] = 00000037
[$s3] = 00000020, [$s4] = 00000000, [$s5] = 00000000
[$s6] = 00000000, [$s7] = 00000000, [$t0] = 00000020
[$t1] = 00000037, [$t2] = 00000000, [$t3] = 00000000
[$t4] = 00000000, [$t5] = 00000000, [$t6] = 00000000
[$t7] = 00000000, [$t8] = 00000000, [$t9] = 00000000
Time:          95, CLK = 1, PC =        400
[$s0] = 00000037, [$s1] = 00000037, [$s2] = 00000037
[$s3] = 00000020, [$s4] = 00000000, [$s5] = 00000000
[$s6] = 00000000, [$s7] = 00000000, [$t0] = 00000020
[$t1] = 00000037, [$t2] = 00000000, [$t3] = 00000000
[$t4] = 00000000, [$t5] = 00000000, [$t6] = 00000000
[$t7] = 00000000, [$t8] = 00000000, [$t9] = 00000000
Time:          95, CLK = 0, PC =        400
[$s0] = 00000037, [$s1] = 00000037, [$s2] = 00000037
[$s3] = 00000020, [$s4] = 00000000, [$s5] = 00000000
[$s6] = 00000000, [$s7] = 00000000, [$t0] = 00000020
[$t1] = 00000037, [$t2] = 00000000, [$t3] = 00000000
[$t4] = 00000000, [$t5] = 00000000, [$t6] = 00000000
[$t7] = 00000000, [$t8] = 00000000, [$t9] = 00000000
Time:          96, CLK = 1, PC =        404
[$s0] = 00000037, [$s1] = 00000037, [$s2] = 00000037
[$s3] = 00000020, [$s4] = 00000000, [$s5] = 00000000
[$s6] = 00000000, [$s7] = 00000000, [$t0] = 00000020
[$t1] = 00000037, [$t2] = 00000000, [$t3] = 00000000
[$t4] = 00000000, [$t5] = 00000000, [$t6] = 00000000
[$t7] = 00000000, [$t8] = 00000000, [$t9] = 00000000
Time:          96, CLK = 0, PC =        404
[$s0] = 00000037, [$s1] = 00000037, [$s2] = 00000037
[$s3] = 00000020, [$s4] = 00000000, [$s5] = 00000000
[$s6] = 00000000, [$s7] = 00000000, [$t0] = 00000020
[$t1] = 00000037, [$t2] = 00000000, [$t3] = 00000000
[$t4] = 00000000, [$t5] = 00000000, [$t6] = 00000000
[$t7] = 00000000, [$t8] = 00000000, [$t9] = 00000000
Time:          97, CLK = 1, PC =        408
[$s0] = 00000037, [$s1] = 00000037, [$s2] = 00000037
[$s3] = 00000020, [$s4] = 00000000, [$s5] = 00000000
[$s6] = 00000000, [$s7] = 00000000, [$t0] = 00000020
[$t1] = 00000037, [$t2] = 00000000, [$t3] = 00000000
[$t4] = 00000000, [$t5] = 00000000, [$t6] = 00000000
[$t7] = 00000000, [$t8] = 00000000, [$t9] = 00000000
Time:          97, CLK = 0, PC =        408
[$s0] = 00000037, [$s1] = 00000037, [$s2] = 00000037
[$s3] = 00000020, [$s4] = 00000000, [$s5] = 00000000
[$s6] = 00000000, [$s7] = 00000000, [$t0] = 00000020
[$t1] = 00000037, [$t2] = 00000000, [$t3] = 00000000
[$t4] = 00000000, [$t5] = 00000000, [$t6] = 00000000
[$t7] = 00000000, [$t8] = 00000000, [$t9] = 00000000
Time:          98, CLK = 1, PC =        412
[$s0] = 00000037, [$s1] = 00000037, [$s2] = 00000037
[$s3] = 00000020, [$s4] = 00000000, [$s5] = 00000000
[$s6] = 00000000, [$s7] = 00000000, [$t0] = 00000020
[$t1] = 00000037, [$t2] = 00000000, [$t3] = 00000000
[$t4] = 00000000, [$t5] = 00000000, [$t6] = 00000000
[$t7] = 00000000, [$t8] = 00000000, [$t9] = 00000000
Time:          98, CLK = 0, PC =        412
[$s0] = 00000037, [$s1] = 00000037, [$s2] = 00000037
[$s3] = 00000020, [$s4] = 00000000, [$s5] = 00000000
[$s6] = 00000000, [$s7] = 00000000, [$t0] = 00000020
[$t1] = 00000037, [$t2] = 00000000, [$t3] = 00000000
[$t4] = 00000000, [$t5] = 00000000, [$t6] = 00000000
[$t7] = 00000000, [$t8] = 00000000, [$t9] = 00000000
Time:          99, CLK = 1, PC =        416
[$s0] = 00000037, [$s1] = 00000037, [$s2] = 00000037
[$s3] = 00000020, [$s4] = 00000000, [$s5] = 00000000
[$s6] = 00000000, [$s7] = 00000000, [$t0] = 00000020
[$t1] = 00000037, [$t2] = 00000000, [$t3] = 00000000
[$t4] = 00000000, [$t5] = 00000000, [$t6] = 00000000
[$t7] = 00000000, [$t8] = 00000000, [$t9] = 00000000
Time:          99, CLK = 0, PC =        416
[$s0] = 00000037, [$s1] = 00000037, [$s2] = 00000037
[$s3] = 00000020, [$s4] = 00000000, [$s5] = 00000000
[$s6] = 00000000, [$s7] = 00000000, [$t0] = 00000020
[$t1] = 00000037, [$t2] = 00000000, [$t3] = 00000000
[$t4] = 00000000, [$t5] = 00000000, [$t6] = 00000000
[$t7] = 00000000, [$t8] = 00000000, [$t9] = 00000000
INFO: [USF-XSim-96] XSim completed. Design snapshot 'pipe_test_behav' loaded.
INFO: [USF-XSim-97] XSim simulation ran for 1000ns
launch_simulation: Time (s): cpu = 00:00:12 ; elapsed = 00:00:16 . Memory (MB): peak = 737.020 ; gain = 13.035
close_sim
INFO: [Simtcl 6-16] Simulation closed
exit
INFO: [Common 17-206] Exiting Vivado at Thu Jul  9 17:35:46 2020...
