#-----------------------------------------------------------
# Vivado v2018.3 (64-bit)
# SW Build 2405991 on Thu Dec  6 23:38:27 MST 2018
# IP Build 2404404 on Fri Dec  7 01:43:56 MST 2018
# Start of session at: Fri Jul  3 12:47:14 2020
# Process ID: 12316
# Current directory: C:/Users/69009/Desktop/3/ve370/project/2/project_1
# Command line: vivado.exe -gui_launcher_event rodinguilauncherevent1928 C:\Users\69009\Desktop\3\ve370\project\2\project_1\project_1.xpr
# Log file: C:/Users/69009/Desktop/3/ve370/project/2/project_1/vivado.log
# Journal file: C:/Users/69009/Desktop/3/ve370/project/2/project_1\vivado.jou
#-----------------------------------------------------------
start_gui
open_project C:/Users/69009/Desktop/3/ve370/project/2/project_1/project_1.xpr
Scanning sources...
Finished scanning sources
INFO: [IP_Flow 19-234] Refreshing IP repositories
INFO: [IP_Flow 19-1704] No user IP repositories specified
INFO: [IP_Flow 19-2313] Loaded Vivado IP repository 'D:/SJTU/XILINX/Vivado/2018.3/data/ip'.
open_project: Time (s): cpu = 00:00:13 ; elapsed = 00:00:16 . Memory (MB): peak = 688.785 ; gain = 103.215
update_compile_order -fileset sources_1
exit
INFO: [Common 17-206] Exiting Vivado at Fri Jul  3 16:13:30 2020...
