#-----------------------------------------------------------
# Vivado v2018.3 (64-bit)
# SW Build 2405991 on Thu Dec  6 23:38:27 MST 2018
# IP Build 2404404 on Fri Dec  7 01:43:56 MST 2018
# Start of session at: Thu Jul  9 14:16:32 2020
# Process ID: 16848
# Current directory: C:/Users/69009/Desktop/3/ve370/project/2/project_2
# Command line: vivado.exe -gui_launcher_event rodinguilauncherevent14892 C:\Users\69009\Desktop\3\ve370\project\2\project_2\project_2.xpr
# Log file: C:/Users/69009/Desktop/3/ve370/project/2/project_2/vivado.log
# Journal file: C:/Users/69009/Desktop/3/ve370/project/2/project_2\vivado.jou
#-----------------------------------------------------------
start_gui
open_project C:/Users/69009/Desktop/3/ve370/project/2/project_2/project_2.xpr
Scanning sources...
Finished scanning sources
INFO: [IP_Flow 19-234] Refreshing IP repositories
INFO: [IP_Flow 19-1704] No user IP repositories specified
INFO: [IP_Flow 19-2313] Loaded Vivado IP repository 'D:/SJTU/XILINX/Vivado/2018.3/data/ip'.
open_project: Time (s): cpu = 00:00:20 ; elapsed = 00:00:08 . Memory (MB): peak = 721.816 ; gain = 108.773
update_compile_order -fileset sources_1
exit
INFO: [Common 17-206] Exiting Vivado at Thu Jul  9 14:24:24 2020...
