#-----------------------------------------------------------
# Vivado v2018.3 (64-bit)
# SW Build 2405991 on Thu Dec  6 23:38:27 MST 2018
# IP Build 2404404 on Fri Dec  7 01:43:56 MST 2018
# Start of session at: Sun Jun 16 23:26:27 2019
# Process ID: 20352
# Current directory: C:/Users/69009/Desktop/2/VE270/LAB/4/LAB4
# Command line: vivado.exe -gui_launcher_event rodinguilauncherevent13388 C:\Users\69009\Desktop\2\VE270\LAB\4\LAB4\LAB4.xpr
# Log file: C:/Users/69009/Desktop/2/VE270/LAB/4/LAB4/vivado.log
# Journal file: C:/Users/69009/Desktop/2/VE270/LAB/4/LAB4\vivado.jou
#-----------------------------------------------------------
start_gui
open_project C:/Users/69009/Desktop/2/VE270/LAB/4/LAB4/LAB4.xpr
Scanning sources...
Finished scanning sources
INFO: [IP_Flow 19-234] Refreshing IP repositories
INFO: [IP_Flow 19-1704] No user IP repositories specified
INFO: [IP_Flow 19-2313] Loaded Vivado IP repository 'D:/SJTU/XILINX/Vivado/2018.3/data/ip'.
open_project: Time (s): cpu = 00:00:18 ; elapsed = 00:00:07 . Memory (MB): peak = 701.707 ; gain = 85.059
update_compile_order -fileset sources_1
exit
INFO: [Common 17-206] Exiting Vivado at Sun Jun 16 23:27:11 2019...
