#-----------------------------------------------------------
# Vivado v2018.3 (64-bit)
# SW Build 2405991 on Thu Dec  6 23:38:27 MST 2018
# IP Build 2404404 on Fri Dec  7 01:43:56 MST 2018
# Start of session at: Mon Jun 17 16:49:10 2019
# Process ID: 12192
# Current directory: C:/Users/69009/Desktop/2/VE270/LAB/4/LAB4
# Command line: vivado.exe -gui_launcher_event rodinguilauncherevent15108 C:\Users\69009\Desktop\2\VE270\LAB\4\LAB4\LAB4.xpr
# Log file: C:/Users/69009/Desktop/2/VE270/LAB/4/LAB4/vivado.log
# Journal file: C:/Users/69009/Desktop/2/VE270/LAB/4/LAB4\vivado.jou
#-----------------------------------------------------------
start_gui
open_project C:/Users/69009/Desktop/2/VE270/LAB/4/LAB4/LAB4.xpr
Scanning sources...
Finished scanning sources
INFO: [IP_Flow 19-234] Refreshing IP repositories
INFO: [IP_Flow 19-1704] No user IP repositories specified
INFO: [IP_Flow 19-2313] Loaded Vivado IP repository 'D:/SJTU/XILINX/Vivado/2018.3/data/ip'.
open_project: Time (s): cpu = 00:00:16 ; elapsed = 00:00:06 . Memory (MB): peak = 760.188 ; gain = 146.699
update_compile_order -fileset sources_1
exit
INFO: [Common 17-206] Exiting Vivado at Mon Jun 17 16:49:34 2019...
