#-----------------------------------------------------------
# Vivado v2018.3 (64-bit)
# SW Build 2405991 on Thu Dec  6 23:38:27 MST 2018
# IP Build 2404404 on Fri Dec  7 01:43:56 MST 2018
# Start of session at: Thu Jul  9 14:17:31 2020
# Process ID: 15736
# Current directory: D:/SJTU/大二下/VE270/LAB/lab6/project_1
# Command line: vivado.exe -gui_launcher_event rodinguilauncherevent11708 D:\SJTU\大二下\VE270\LAB\lab6\project_1\project_1.xpr
# Log file: D:/SJTU/大二下/VE270/LAB/lab6/project_1/vivado.log
# Journal file: D:/SJTU/大二下/VE270/LAB/lab6/project_1\vivado.jou
#-----------------------------------------------------------
start_gui
open_project D:/SJTU/大二下/VE270/LAB/lab6/project_1/project_1.xpr
INFO: [Project 1-313] Project file moved from 'C:/Users/69009/Desktop/2/VE270/LAB/lab6/project_1' since last save.
Scanning sources...
Finished scanning sources
INFO: [IP_Flow 19-234] Refreshing IP repositories
INFO: [IP_Flow 19-1704] No user IP repositories specified
INFO: [IP_Flow 19-2313] Loaded Vivado IP repository 'D:/SJTU/XILINX/Vivado/2018.3/data/ip'.
open_project: Time (s): cpu = 00:00:22 ; elapsed = 00:00:08 . Memory (MB): peak = 725.582 ; gain = 124.609
update_compile_order -fileset sources_1
exit
INFO: [Common 17-206] Exiting Vivado at Thu Jul  9 14:24:08 2020...
